{"C:\\Users\\Paúl Morales\\Downloads\\Compressed\\foresight-finanzas-main\\foresight-finanzas-main\\src\\App.tsx": {"path":"C:\\Users\\Paúl Morales\\Downloads\\Compressed\\foresight-finanzas-main\\foresight-finanzas-main\\src\\App.tsx","statementMap":{"0":{"start":{"line":20,"column":36},"end":{"line":20,"column":null}},"1":{"start":{"line":21,"column":8},"end":{"line":21,"column":null}},"2":{"start":{"line":21,"column":38},"end":{"line":21,"column":49}},"3":{"start":{"line":22,"column":8},"end":{"line":22,"column":null}},"4":{"start":{"line":22,"column":40},"end":{"line":22,"column":53}},"5":{"start":{"line":23,"column":8},"end":{"line":23,"column":null}},"6":{"start":{"line":23,"column":46},"end":{"line":23,"column":65}},"7":{"start":{"line":24,"column":8},"end":{"line":24,"column":null}},"8":{"start":{"line":24,"column":35},"end":{"line":24,"column":43}},"9":{"start":{"line":25,"column":8},"end":{"line":25,"column":null}},"10":{"start":{"line":25,"column":43},"end":{"line":25,"column":59}},"11":{"start":{"line":28,"column":2},"end":{"line":32,"column":null}},"12":{"start":{"line":29,"column":18},"end":{"line":29,"column":null}},"13":{"start":{"line":30,"column":4},"end":{"line":31,"column":null}},"14":{"start":{"line":30,"column":37},"end":{"line":30,"column":null}},"15":{"start":{"line":30,"column":52},"end":{"line":31,"column":null}},"16":{"start":{"line":31,"column":42},"end":{"line":31,"column":null}},"17":{"start":{"line":35,"column":2},"end":{"line":38,"column":null}},"18":{"start":{"line":36,"column":4},"end":{"line":36,"column":null}},"19":{"start":{"line":37,"column":4},"end":{"line":37,"column":null}},"20":{"start":{"line":40,"column":2},"end":{"line":42,"column":null}},"21":{"start":{"line":41,"column":4},"end":{"line":41,"column":null}},"22":{"start":{"line":44,"column":2},"end":{"line":46,"column":null}},"23":{"start":{"line":45,"column":4},"end":{"line":45,"column":null}},"24":{"start":{"line":48,"column":21},"end":{"line":56,"column":null}},"25":{"start":{"line":49,"column":4},"end":{"line":55,"column":null}},"26":{"start":{"line":50,"column":24},"end":{"line":50,"column":null}},"27":{"start":{"line":51,"column":24},"end":{"line":51,"column":null}},"28":{"start":{"line":52,"column":24},"end":{"line":52,"column":null}},"29":{"start":{"line":53,"column":24},"end":{"line":53,"column":null}},"30":{"start":{"line":54,"column":24},"end":{"line":54,"column":null}},"31":{"start":{"line":58,"column":2},"end":{"line":65,"column":null}}},"fnMap":{"0":{"name":"App","decl":{"start":{"line":19,"column":16},"end":{"line":19,"column":22}},"loc":{"start":{"line":19,"column":22},"end":{"line":67,"column":null}},"line":19},"1":{"name":"(anonymous_1)","decl":{"start":{"line":21,"column":31},"end":{"line":21,"column":32}},"loc":{"start":{"line":21,"column":38},"end":{"line":21,"column":49}},"line":21},"2":{"name":"(anonymous_2)","decl":{"start":{"line":22,"column":33},"end":{"line":22,"column":34}},"loc":{"start":{"line":22,"column":40},"end":{"line":22,"column":53}},"line":22},"3":{"name":"(anonymous_3)","decl":{"start":{"line":23,"column":39},"end":{"line":23,"column":40}},"loc":{"start":{"line":23,"column":46},"end":{"line":23,"column":65}},"line":23},"4":{"name":"(anonymous_4)","decl":{"start":{"line":24,"column":28},"end":{"line":24,"column":29}},"loc":{"start":{"line":24,"column":35},"end":{"line":24,"column":43}},"line":24},"5":{"name":"(anonymous_5)","decl":{"start":{"line":25,"column":36},"end":{"line":25,"column":37}},"loc":{"start":{"line":25,"column":43},"end":{"line":25,"column":59}},"line":25},"6":{"name":"(anonymous_6)","decl":{"start":{"line":28,"column":12},"end":{"line":28,"column":18}},"loc":{"start":{"line":28,"column":18},"end":{"line":32,"column":5}},"line":28},"7":{"name":"(anonymous_7)","decl":{"start":{"line":35,"column":12},"end":{"line":35,"column":18}},"loc":{"start":{"line":35,"column":18},"end":{"line":38,"column":5}},"line":35},"8":{"name":"(anonymous_8)","decl":{"start":{"line":48,"column":21},"end":{"line":48,"column":27}},"loc":{"start":{"line":48,"column":27},"end":{"line":56,"column":null}},"line":48}},"branchMap":{"0":{"loc":{"start":{"line":30,"column":4},"end":{"line":31,"column":null}},"type":"if","locations":[{"start":{"line":30,"column":4},"end":{"line":31,"column":null}},{"start":{"line":30,"column":52},"end":{"line":31,"column":null}}],"line":30},"1":{"loc":{"start":{"line":30,"column":8},"end":{"line":30,"column":37}},"type":"binary-expr","locations":[{"start":{"line":30,"column":8},"end":{"line":30,"column":28}},{"start":{"line":30,"column":28},"end":{"line":30,"column":37}}],"line":30},"2":{"loc":{"start":{"line":30,"column":52},"end":{"line":31,"column":null}},"type":"if","locations":[{"start":{"line":30,"column":52},"end":{"line":31,"column":null}},{"start":{},"end":{}}],"line":30},"3":{"loc":{"start":{"line":31,"column":13},"end":{"line":31,"column":42}},"type":"binary-expr","locations":[{"start":{"line":31,"column":13},"end":{"line":31,"column":34}},{"start":{"line":31,"column":34},"end":{"line":31,"column":42}}],"line":31},"4":{"loc":{"start":{"line":40,"column":2},"end":{"line":42,"column":null}},"type":"if","locations":[{"start":{"line":40,"column":2},"end":{"line":42,"column":null}},{"start":{},"end":{}}],"line":40},"5":{"loc":{"start":{"line":44,"column":2},"end":{"line":46,"column":null}},"type":"if","locations":[{"start":{"line":44,"column":2},"end":{"line":46,"column":null}},{"start":{},"end":{}}],"line":44},"6":{"loc":{"start":{"line":49,"column":4},"end":{"line":55,"column":null}},"type":"switch","locations":[{"start":{"line":50,"column":6},"end":{"line":50,"column":null}},{"start":{"line":51,"column":6},"end":{"line":51,"column":null}},{"start":{"line":52,"column":6},"end":{"line":52,"column":null}},{"start":{"line":53,"column":6},"end":{"line":53,"column":null}},{"start":{"line":54,"column":6},"end":{"line":54,"column":null}}],"line":49},"7":{"loc":{"start":{"line":62,"column":9},"end":{"line":62,"column":null}},"type":"binary-expr","locations":[{"start":{"line":62,"column":9},"end":{"line":62,"column":24}},{"start":{"line":62,"column":24},"end":{"line":62,"column":null}}],"line":62},"8":{"loc":{"start":{"line":63,"column":9},"end":{"line":63,"column":null}},"type":"binary-expr","locations":[{"start":{"line":63,"column":9},"end":{"line":63,"column":30}},{"start":{"line":63,"column":30},"end":{"line":63,"column":null}}],"line":63}},"s":{"0":0,"1":0,"2":0,"3":0,"4":0,"5":0,"6":0,"7":0,"8":0,"9":0,"10":0,"11":0,"12":0,"13":0,"14":0,"15":0,"16":0,"17":0,"18":0,"19":0,"20":0,"21":0,"22":0,"23":0,"24":0,"25":0,"26":0,"27":0,"28":0,"29":0,"30":0,"31":0},"f":{"0":0,"1":0,"2":0,"3":0,"4":0,"5":0,"6":0,"7":0,"8":0},"b":{"0":[0,0],"1":[0,0],"2":[0,0],"3":[0,0],"4":[0,0],"5":[0,0],"6":[0,0,0,0,0],"7":[0,0],"8":[0,0]},"meta":{"lastBranch":9,"lastFunction":9,"lastStatement":32,"seen":{"f:19:16:19:22":0,"s:20:36:20:Infinity":0,"s:21:8:21:Infinity":1,"f:21:31:21:32":1,"s:21:38:21:49":2,"s:22:8:22:Infinity":3,"f:22:33:22:34":2,"s:22:40:22:53":4,"s:23:8:23:Infinity":5,"f:23:39:23:40":3,"s:23:46:23:65":6,"s:24:8:24:Infinity":7,"f:24:28:24:29":4,"s:24:35:24:43":8,"s:25:8:25:Infinity":9,"f:25:36:25:37":5,"s:25:43:25:59":10,"s:28:2:32:Infinity":11,"f:28:12:28:18":6,"s:29:18:29:Infinity":12,"b:30:4:31:Infinity:30:52:31:Infinity":0,"s:30:4:31:Infinity":13,"b:30:8:30:28:30:28:30:37":1,"s:30:37:30:Infinity":14,"b:30:52:31:Infinity:undefined:undefined:undefined:undefined":2,"s:30:52:31:Infinity":15,"b:31:13:31:34:31:34:31:42":3,"s:31:42:31:Infinity":16,"s:35:2:38:Infinity":17,"f:35:12:35:18":7,"s:36:4:36:Infinity":18,"s:37:4:37:Infinity":19,"b:40:2:42:Infinity:undefined:undefined:undefined:undefined":4,"s:40:2:42:Infinity":20,"s:41:4:41:Infinity":21,"b:44:2:46:Infinity:undefined:undefined:undefined:undefined":5,"s:44:2:46:Infinity":22,"s:45:4:45:Infinity":23,"s:48:21:56:Infinity":24,"f:48:21:48:27":8,"b:50:6:50:Infinity:51:6:51:Infinity:52:6:52:Infinity:53:6:53:Infinity:54:6:54:Infinity":6,"s:49:4:55:Infinity":25,"s:50:24:50:Infinity":26,"s:51:24:51:Infinity":27,"s:52:24:52:Infinity":28,"s:53:24:53:Infinity":29,"s:54:24:54:Infinity":30,"s:58:2:65:Infinity":31,"b:62:9:62:24:62:24:62:Infinity":7,"b:63:9:63:30:63:30:63:Infinity":8},"fnNames":{}}}
,"C:\\Users\\Paúl Morales\\Downloads\\Compressed\\foresight-finanzas-main\\foresight-finanzas-main\\src\\components\\features\\auth\\LoginForm.tsx": {"path":"C:\\Users\\Paúl Morales\\Downloads\\Compressed\\foresight-finanzas-main\\foresight-finanzas-main\\src\\components\\features\\auth\\LoginForm.tsx","statementMap":{"0":{"start":{"line":11,"column":14},"end":{"line":11,"column":null}},"1":{"start":{"line":12,"column":38},"end":{"line":20,"column":null}},"2":{"start":{"line":21,"column":2},"end":{"line":23,"column":null}},"3":{"start":{"line":22,"column":4},"end":{"line":22,"column":null}},"4":{"start":{"line":22,"column":27},"end":{"line":22,"column":null}},"5":{"start":{"line":24,"column":2},"end":{"line":24,"column":null}},"6":{"start":{"line":33,"column":17},"end":{"line":33,"column":null}},"7":{"start":{"line":34,"column":24},"end":{"line":34,"column":null}},"8":{"start":{"line":35,"column":30},"end":{"line":35,"column":null}},"9":{"start":{"line":36,"column":28},"end":{"line":36,"column":null}},"10":{"start":{"line":37,"column":24},"end":{"line":37,"column":null}},"11":{"start":{"line":38,"column":38},"end":{"line":38,"column":null}},"12":{"start":{"line":40,"column":26},"end":{"line":40,"column":40}},"13":{"start":{"line":43,"column":4},"end":{"line":43,"column":null}},"14":{"start":{"line":44,"column":4},"end":{"line":44,"column":null}},"15":{"start":{"line":46,"column":4},"end":{"line":49,"column":null}},"16":{"start":{"line":47,"column":6},"end":{"line":47,"column":null}},"17":{"start":{"line":48,"column":6},"end":{"line":48,"column":null}},"18":{"start":{"line":50,"column":4},"end":{"line":53,"column":null}},"19":{"start":{"line":51,"column":6},"end":{"line":51,"column":null}},"20":{"start":{"line":52,"column":6},"end":{"line":52,"column":null}},"21":{"start":{"line":55,"column":4},"end":{"line":55,"column":null}},"22":{"start":{"line":56,"column":4},"end":{"line":62,"column":null}},"23":{"start":{"line":57,"column":6},"end":{"line":57,"column":null}},"24":{"start":{"line":59,"column":6},"end":{"line":59,"column":null}},"25":{"start":{"line":61,"column":6},"end":{"line":61,"column":null}},"26":{"start":{"line":65,"column":21},"end":{"line":66,"column":null}},"27":{"start":{"line":66,"column":4},"end":{"line":66,"column":null}},"28":{"start":{"line":68,"column":2},"end":{"line":136,"column":null}},"29":{"start":{"line":74,"column":27},"end":{"line":74,"column":53}},"30":{"start":{"line":74,"column":53},"end":{"line":74,"column":67}},"31":{"start":{"line":83,"column":29},"end":{"line":83,"column":58}},"32":{"start":{"line":83,"column":58},"end":{"line":83,"column":72}},"33":{"start":{"line":89,"column":25},"end":{"line":89,"column":null}}},"fnMap":{"0":{"name":"authErrorToSpanish","decl":{"start":{"line":10,"column":9},"end":{"line":10,"column":28}},"loc":{"start":{"line":10,"column":50},"end":{"line":25,"column":null}},"line":10},"1":{"name":"LoginForm","decl":{"start":{"line":32,"column":16},"end":{"line":32,"column":26}},"loc":{"start":{"line":32,"column":73},"end":{"line":138,"column":null}},"line":32},"2":{"name":"clearError","decl":{"start":{"line":40,"column":11},"end":{"line":40,"column":24}},"loc":{"start":{"line":40,"column":24},"end":{"line":40,"column":null}},"line":40},"3":{"name":"handleSubmit","decl":{"start":{"line":42,"column":17},"end":{"line":42,"column":30}},"loc":{"start":{"line":42,"column":44},"end":{"line":63,"column":null}},"line":42},"4":{"name":"(anonymous_4)","decl":{"start":{"line":65,"column":21},"end":{"line":65,"column":22}},"loc":{"start":{"line":66,"column":4},"end":{"line":66,"column":null}},"line":66},"5":{"name":"(anonymous_5)","decl":{"start":{"line":74,"column":18},"end":{"line":74,"column":19}},"loc":{"start":{"line":74,"column":25},"end":{"line":74,"column":null}},"line":74},"6":{"name":"(anonymous_6)","decl":{"start":{"line":83,"column":20},"end":{"line":83,"column":21}},"loc":{"start":{"line":83,"column":27},"end":{"line":83,"column":null}},"line":83},"7":{"name":"(anonymous_7)","decl":{"start":{"line":89,"column":19},"end":{"line":89,"column":25}},"loc":{"start":{"line":89,"column":25},"end":{"line":89,"column":null}},"line":89}},"branchMap":{"0":{"loc":{"start":{"line":11,"column":14},"end":{"line":11,"column":null}},"type":"cond-expr","locations":[{"start":{"line":11,"column":37},"end":{"line":11,"column":51}},{"start":{"line":11,"column":51},"end":{"line":11,"column":null}}],"line":11},"1":{"loc":{"start":{"line":22,"column":4},"end":{"line":22,"column":null}},"type":"if","locations":[{"start":{"line":22,"column":4},"end":{"line":22,"column":null}},{"start":{},"end":{}}],"line":22},"2":{"loc":{"start":{"line":24,"column":9},"end":{"line":24,"column":null}},"type":"binary-expr","locations":[{"start":{"line":24,"column":9},"end":{"line":24,"column":16}},{"start":{"line":24,"column":16},"end":{"line":24,"column":null}}],"line":24},"3":{"loc":{"start":{"line":46,"column":4},"end":{"line":49,"column":null}},"type":"if","locations":[{"start":{"line":46,"column":4},"end":{"line":49,"column":null}},{"start":{},"end":{}}],"line":46},"4":{"loc":{"start":{"line":50,"column":4},"end":{"line":53,"column":null}},"type":"if","locations":[{"start":{"line":50,"column":4},"end":{"line":53,"column":null}},{"start":{},"end":{}}],"line":50},"5":{"loc":{"start":{"line":66,"column":24},"end":{"line":66,"column":97}},"type":"cond-expr","locations":[{"start":{"line":66,"column":35},"end":{"line":66,"column":95}},{"start":{"line":66,"column":95},"end":{"line":66,"column":97}}],"line":66},"6":{"loc":{"start":{"line":75,"column":30},"end":{"line":75,"column":50}},"type":"binary-expr","locations":[{"start":{"line":75,"column":30},"end":{"line":75,"column":41}},{"start":{"line":75,"column":41},"end":{"line":75,"column":50}}],"line":75},"7":{"loc":{"start":{"line":80,"column":16},"end":{"line":80,"column":null}},"type":"cond-expr","locations":[{"start":{"line":80,"column":31},"end":{"line":80,"column":40}},{"start":{"line":80,"column":40},"end":{"line":80,"column":null}}],"line":80},"8":{"loc":{"start":{"line":84,"column":32},"end":{"line":84,"column":53}},"type":"binary-expr","locations":[{"start":{"line":84,"column":32},"end":{"line":84,"column":43}},{"start":{"line":84,"column":43},"end":{"line":84,"column":53}}],"line":84},"9":{"loc":{"start":{"line":90,"column":22},"end":{"line":90,"column":null}},"type":"cond-expr","locations":[{"start":{"line":90,"column":37},"end":{"line":90,"column":60}},{"start":{"line":90,"column":60},"end":{"line":90,"column":null}}],"line":90},"10":{"loc":{"start":{"line":94,"column":11},"end":{"line":94,"column":null}},"type":"cond-expr","locations":[{"start":{"line":94,"column":26},"end":{"line":94,"column":59}},{"start":{"line":94,"column":59},"end":{"line":94,"column":null}}],"line":94},"11":{"loc":{"start":{"line":108,"column":7},"end":{"line":112,"column":null}},"type":"binary-expr","locations":[{"start":{"line":108,"column":7},"end":{"line":108,"column":null}},{"start":{"line":109,"column":8},"end":{"line":112,"column":null}}],"line":108},"12":{"loc":{"start":{"line":120,"column":9},"end":{"line":123,"column":null}},"type":"cond-expr","locations":[{"start":{"line":121,"column":10},"end":{"line":121,"column":null}},{"start":{"line":123,"column":10},"end":{"line":123,"column":null}}],"line":120}},"s":{"0":0,"1":0,"2":0,"3":0,"4":0,"5":0,"6":0,"7":0,"8":0,"9":0,"10":0,"11":0,"12":0,"13":0,"14":0,"15":0,"16":0,"17":0,"18":0,"19":0,"20":0,"21":0,"22":0,"23":0,"24":0,"25":0,"26":0,"27":0,"28":0,"29":0,"30":0,"31":0,"32":0,"33":0},"f":{"0":0,"1":0,"2":0,"3":0,"4":0,"5":0,"6":0,"7":0},"b":{"0":[0,0],"1":[0,0],"2":[0,0],"3":[0,0],"4":[0,0],"5":[0,0],"6":[0,0],"7":[0,0],"8":[0,0],"9":[0,0],"10":[0,0],"11":[0,0],"12":[0,0]},"meta":{"lastBranch":13,"lastFunction":8,"lastStatement":34,"seen":{"f:10:9:10:28":0,"s:11:14:11:Infinity":0,"b:11:37:11:51:11:51:11:Infinity":0,"s:12:38:20:Infinity":1,"s:21:2:23:Infinity":2,"b:22:4:22:Infinity:undefined:undefined:undefined:undefined":1,"s:22:4:22:Infinity":3,"s:22:27:22:Infinity":4,"s:24:2:24:Infinity":5,"b:24:9:24:16:24:16:24:Infinity":2,"f:32:16:32:26":1,"s:33:17:33:Infinity":6,"s:34:24:34:Infinity":7,"s:35:30:35:Infinity":8,"s:36:28:36:Infinity":9,"s:37:24:37:Infinity":10,"s:38:38:38:Infinity":11,"f:40:11:40:24":2,"s:40:26:40:40":12,"f:42:17:42:30":3,"s:43:4:43:Infinity":13,"s:44:4:44:Infinity":14,"b:46:4:49:Infinity:undefined:undefined:undefined:undefined":3,"s:46:4:49:Infinity":15,"s:47:6:47:Infinity":16,"s:48:6:48:Infinity":17,"b:50:4:53:Infinity:undefined:undefined:undefined:undefined":4,"s:50:4:53:Infinity":18,"s:51:6:51:Infinity":19,"s:52:6:52:Infinity":20,"s:55:4:55:Infinity":21,"s:56:4:62:Infinity":22,"s:57:6:57:Infinity":23,"s:59:6:59:Infinity":24,"s:61:6:61:Infinity":25,"s:65:21:66:Infinity":26,"f:65:21:65:22":4,"s:66:4:66:Infinity":27,"b:66:35:66:95:66:95:66:97":5,"s:68:2:136:Infinity":28,"f:74:18:74:19":5,"s:74:27:74:53":29,"s:74:53:74:67":30,"b:75:30:75:41:75:41:75:50":6,"b:80:31:80:40:80:40:80:Infinity":7,"f:83:20:83:21":6,"s:83:29:83:58":31,"s:83:58:83:72":32,"b:84:32:84:43:84:43:84:53":8,"f:89:19:89:25":7,"s:89:25:89:Infinity":33,"b:90:37:90:60:90:60:90:Infinity":9,"b:94:26:94:59:94:59:94:Infinity":10,"b:108:7:108:Infinity:109:8:112:Infinity":11,"b:121:10:121:Infinity:123:10:123:Infinity":12},"fnNames":{}}}
,"C:\\Users\\Paúl Morales\\Downloads\\Compressed\\foresight-finanzas-main\\foresight-finanzas-main\\src\\components\\features\\auth\\SignUpForm.tsx": {"path":"C:\\Users\\Paúl Morales\\Downloads\\Compressed\\foresight-finanzas-main\\foresight-finanzas-main\\src\\components\\features\\auth\\SignUpForm.tsx","statementMap":{"0":{"start":{"line":11,"column":14},"end":{"line":11,"column":null}},"1":{"start":{"line":12,"column":38},"end":{"line":20,"column":null}},"2":{"start":{"line":21,"column":2},"end":{"line":23,"column":null}},"3":{"start":{"line":22,"column":4},"end":{"line":22,"column":null}},"4":{"start":{"line":22,"column":27},"end":{"line":22,"column":null}},"5":{"start":{"line":24,"column":2},"end":{"line":24,"column":null}},"6":{"start":{"line":29,"column":14},"end":{"line":29,"column":null}},"7":{"start":{"line":30,"column":2},"end":{"line":30,"column":null}},"8":{"start":{"line":30,"column":22},"end":{"line":30,"column":null}},"9":{"start":{"line":31,"column":2},"end":{"line":31,"column":null}},"10":{"start":{"line":31,"column":44},"end":{"line":31,"column":null}},"11":{"start":{"line":32,"column":2},"end":{"line":32,"column":null}},"12":{"start":{"line":32,"column":21},"end":{"line":32,"column":null}},"13":{"start":{"line":33,"column":2},"end":{"line":33,"column":null}},"14":{"start":{"line":33,"column":30},"end":{"line":33,"column":null}},"15":{"start":{"line":34,"column":17},"end":{"line":40,"column":null}},"16":{"start":{"line":41,"column":2},"end":{"line":41,"column":null}},"17":{"start":{"line":50,"column":17},"end":{"line":50,"column":null}},"18":{"start":{"line":51,"column":32},"end":{"line":51,"column":null}},"19":{"start":{"line":52,"column":30},"end":{"line":52,"column":null}},"20":{"start":{"line":53,"column":24},"end":{"line":53,"column":null}},"21":{"start":{"line":54,"column":30},"end":{"line":54,"column":null}},"22":{"start":{"line":55,"column":28},"end":{"line":55,"column":null}},"23":{"start":{"line":56,"column":24},"end":{"line":56,"column":null}},"24":{"start":{"line":57,"column":36},"end":{"line":57,"column":null}},"25":{"start":{"line":58,"column":38},"end":{"line":58,"column":null}},"26":{"start":{"line":59,"column":34},"end":{"line":59,"column":null}},"27":{"start":{"line":60,"column":28},"end":{"line":60,"column":null}},"28":{"start":{"line":62,"column":21},"end":{"line":62,"column":null}},"29":{"start":{"line":63,"column":23},"end":{"line":63,"column":null}},"30":{"start":{"line":66,"column":4},"end":{"line":66,"column":null}},"31":{"start":{"line":67,"column":4},"end":{"line":67,"column":null}},"32":{"start":{"line":71,"column":17},"end":{"line":71,"column":null}},"33":{"start":{"line":72,"column":4},"end":{"line":86,"column":null}},"34":{"start":{"line":74,"column":8},"end":{"line":74,"column":null}},"35":{"start":{"line":75,"column":8},"end":{"line":75,"column":null}},"36":{"start":{"line":77,"column":8},"end":{"line":81,"column":null}},"37":{"start":{"line":82,"column":8},"end":{"line":82,"column":null}},"38":{"start":{"line":84,"column":8},"end":{"line":84,"column":null}},"39":{"start":{"line":85,"column":8},"end":{"line":85,"column":null}},"40":{"start":{"line":87,"column":4},"end":{"line":87,"column":null}},"41":{"start":{"line":91,"column":4},"end":{"line":91,"column":null}},"42":{"start":{"line":91,"column":23},"end":{"line":91,"column":47}},"43":{"start":{"line":92,"column":4},"end":{"line":92,"column":null}},"44":{"start":{"line":96,"column":4},"end":{"line":96,"column":null}},"45":{"start":{"line":97,"column":4},"end":{"line":97,"column":null}},"46":{"start":{"line":98,"column":4},"end":{"line":98,"column":null}},"47":{"start":{"line":101,"column":4},"end":{"line":101,"column":null}},"48":{"start":{"line":102,"column":4},"end":{"line":102,"column":null}},"49":{"start":{"line":103,"column":4},"end":{"line":103,"column":null}},"50":{"start":{"line":105,"column":4},"end":{"line":108,"column":null}},"51":{"start":{"line":106,"column":6},"end":{"line":106,"column":null}},"52":{"start":{"line":107,"column":6},"end":{"line":107,"column":null}},"53":{"start":{"line":109,"column":4},"end":{"line":112,"column":null}},"54":{"start":{"line":110,"column":6},"end":{"line":110,"column":null}},"55":{"start":{"line":111,"column":6},"end":{"line":111,"column":null}},"56":{"start":{"line":114,"column":4},"end":{"line":114,"column":null}},"57":{"start":{"line":115,"column":4},"end":{"line":130,"column":null}},"58":{"start":{"line":116,"column":19},"end":{"line":116,"column":null}},"59":{"start":{"line":117,"column":6},"end":{"line":125,"column":null}},"60":{"start":{"line":119,"column":8},"end":{"line":119,"column":null}},"61":{"start":{"line":120,"column":6},"end":{"line":125,"column":null}},"62":{"start":{"line":122,"column":8},"end":{"line":122,"column":null}},"63":{"start":{"line":124,"column":8},"end":{"line":124,"column":null}},"64":{"start":{"line":127,"column":6},"end":{"line":127,"column":null}},"65":{"start":{"line":129,"column":6},"end":{"line":129,"column":null}},"66":{"start":{"line":133,"column":21},"end":{"line":134,"column":null}},"67":{"start":{"line":134,"column":4},"end":{"line":134,"column":null}},"68":{"start":{"line":136,"column":2},"end":{"line":276,"column":null}},"69":{"start":{"line":145,"column":31},"end":{"line":145,"column":61}},"70":{"start":{"line":145,"column":61},"end":{"line":145,"column":75}},"71":{"start":{"line":145,"column":75},"end":{"line":145,"column":142}},"72":{"start":{"line":145,"column":98},"end":{"line":145,"column":142}},"73":{"start":{"line":146,"column":27},"end":{"line":146,"column":null}},"74":{"start":{"line":158,"column":31},"end":{"line":158,"column":60}},"75":{"start":{"line":158,"column":60},"end":{"line":158,"column":74}},"76":{"start":{"line":170,"column":29},"end":{"line":170,"column":55}},"77":{"start":{"line":170,"column":55},"end":{"line":170,"column":69}},"78":{"start":{"line":170,"column":69},"end":{"line":170,"column":128}},"79":{"start":{"line":170,"column":88},"end":{"line":170,"column":128}},"80":{"start":{"line":171,"column":25},"end":{"line":171,"column":null}},"81":{"start":{"line":187,"column":31},"end":{"line":187,"column":60}},"82":{"start":{"line":187,"column":60},"end":{"line":187,"column":74}},"83":{"start":{"line":187,"column":74},"end":{"line":187,"column":139}},"84":{"start":{"line":187,"column":96},"end":{"line":187,"column":139}},"85":{"start":{"line":188,"column":27},"end":{"line":188,"column":null}},"86":{"start":{"line":194,"column":27},"end":{"line":194,"column":null}},"87":{"start":{"line":210,"column":16},"end":{"line":217,"column":null}}},"fnMap":{"0":{"name":"signUpErrorToSpanish","decl":{"start":{"line":10,"column":9},"end":{"line":10,"column":30}},"loc":{"start":{"line":10,"column":52},"end":{"line":25,"column":null}},"line":10},"1":{"name":"passwordStrength","decl":{"start":{"line":28,"column":9},"end":{"line":28,"column":26}},"loc":{"start":{"line":28,"column":87},"end":{"line":42,"column":null}},"line":28},"2":{"name":"SignUpForm","decl":{"start":{"line":49,"column":16},"end":{"line":49,"column":27}},"loc":{"start":{"line":49,"column":66},"end":{"line":278,"column":null}},"line":49},"3":{"name":"clearError","decl":{"start":{"line":65,"column":11},"end":{"line":65,"column":24}},"loc":{"start":{"line":65,"column":24},"end":{"line":68,"column":null}},"line":65},"4":{"name":"validateField","decl":{"start":{"line":70,"column":11},"end":{"line":70,"column":25}},"loc":{"start":{"line":70,"column":55},"end":{"line":88,"column":null}},"line":70},"5":{"name":"handleBlur","decl":{"start":{"line":90,"column":11},"end":{"line":90,"column":22}},"loc":{"start":{"line":90,"column":52},"end":{"line":93,"column":null}},"line":90},"6":{"name":"(anonymous_6)","decl":{"start":{"line":91,"column":15},"end":{"line":91,"column":16}},"loc":{"start":{"line":91,"column":23},"end":{"line":91,"column":47}},"line":91},"7":{"name":"handleSubmit","decl":{"start":{"line":95,"column":17},"end":{"line":95,"column":30}},"loc":{"start":{"line":95,"column":44},"end":{"line":131,"column":null}},"line":95},"8":{"name":"(anonymous_8)","decl":{"start":{"line":133,"column":21},"end":{"line":133,"column":22}},"loc":{"start":{"line":134,"column":4},"end":{"line":134,"column":null}},"line":134},"9":{"name":"(anonymous_9)","decl":{"start":{"line":145,"column":22},"end":{"line":145,"column":23}},"loc":{"start":{"line":145,"column":29},"end":{"line":145,"column":null}},"line":145},"10":{"name":"(anonymous_10)","decl":{"start":{"line":146,"column":20},"end":{"line":146,"column":21}},"loc":{"start":{"line":146,"column":27},"end":{"line":146,"column":null}},"line":146},"11":{"name":"(anonymous_11)","decl":{"start":{"line":158,"column":22},"end":{"line":158,"column":23}},"loc":{"start":{"line":158,"column":29},"end":{"line":158,"column":null}},"line":158},"12":{"name":"(anonymous_12)","decl":{"start":{"line":170,"column":20},"end":{"line":170,"column":21}},"loc":{"start":{"line":170,"column":27},"end":{"line":170,"column":null}},"line":170},"13":{"name":"(anonymous_13)","decl":{"start":{"line":171,"column":18},"end":{"line":171,"column":19}},"loc":{"start":{"line":171,"column":25},"end":{"line":171,"column":null}},"line":171},"14":{"name":"(anonymous_14)","decl":{"start":{"line":187,"column":22},"end":{"line":187,"column":23}},"loc":{"start":{"line":187,"column":29},"end":{"line":187,"column":null}},"line":187},"15":{"name":"(anonymous_15)","decl":{"start":{"line":188,"column":20},"end":{"line":188,"column":21}},"loc":{"start":{"line":188,"column":27},"end":{"line":188,"column":null}},"line":188},"16":{"name":"(anonymous_16)","decl":{"start":{"line":194,"column":21},"end":{"line":194,"column":27}},"loc":{"start":{"line":194,"column":27},"end":{"line":194,"column":null}},"line":194},"17":{"name":"(anonymous_17)","decl":{"start":{"line":209,"column":32},"end":{"line":209,"column":33}},"loc":{"start":{"line":210,"column":16},"end":{"line":217,"column":null}},"line":210}},"branchMap":{"0":{"loc":{"start":{"line":11,"column":14},"end":{"line":11,"column":null}},"type":"cond-expr","locations":[{"start":{"line":11,"column":37},"end":{"line":11,"column":51}},{"start":{"line":11,"column":51},"end":{"line":11,"column":null}}],"line":11},"1":{"loc":{"start":{"line":22,"column":4},"end":{"line":22,"column":null}},"type":"if","locations":[{"start":{"line":22,"column":4},"end":{"line":22,"column":null}},{"start":{},"end":{}}],"line":22},"2":{"loc":{"start":{"line":24,"column":9},"end":{"line":24,"column":null}},"type":"binary-expr","locations":[{"start":{"line":24,"column":9},"end":{"line":24,"column":16}},{"start":{"line":24,"column":16},"end":{"line":24,"column":null}}],"line":24},"3":{"loc":{"start":{"line":30,"column":2},"end":{"line":30,"column":null}},"type":"if","locations":[{"start":{"line":30,"column":2},"end":{"line":30,"column":null}},{"start":{},"end":{}}],"line":30},"4":{"loc":{"start":{"line":31,"column":2},"end":{"line":31,"column":null}},"type":"if","locations":[{"start":{"line":31,"column":2},"end":{"line":31,"column":null}},{"start":{},"end":{}}],"line":31},"5":{"loc":{"start":{"line":31,"column":6},"end":{"line":31,"column":44}},"type":"binary-expr","locations":[{"start":{"line":31,"column":6},"end":{"line":31,"column":26}},{"start":{"line":31,"column":26},"end":{"line":31,"column":44}}],"line":31},"6":{"loc":{"start":{"line":32,"column":2},"end":{"line":32,"column":null}},"type":"if","locations":[{"start":{"line":32,"column":2},"end":{"line":32,"column":null}},{"start":{},"end":{}}],"line":32},"7":{"loc":{"start":{"line":33,"column":2},"end":{"line":33,"column":null}},"type":"if","locations":[{"start":{"line":33,"column":2},"end":{"line":33,"column":null}},{"start":{},"end":{}}],"line":33},"8":{"loc":{"start":{"line":72,"column":4},"end":{"line":86,"column":null}},"type":"switch","locations":[{"start":{"line":73,"column":6},"end":{"line":75,"column":null}},{"start":{"line":76,"column":6},"end":{"line":82,"column":null}},{"start":{"line":83,"column":6},"end":{"line":85,"column":null}}],"line":72},"9":{"loc":{"start":{"line":74,"column":25},"end":{"line":74,"column":null}},"type":"cond-expr","locations":[{"start":{"line":74,"column":41},"end":{"line":74,"column":55}},{"start":{"line":74,"column":55},"end":{"line":74,"column":null}}],"line":74},"10":{"loc":{"start":{"line":77,"column":21},"end":{"line":81,"column":null}},"type":"cond-expr","locations":[{"start":{"line":78,"column":12},"end":{"line":78,"column":null}},{"start":{"line":79,"column":12},"end":{"line":81,"column":null}}],"line":77},"11":{"loc":{"start":{"line":79,"column":12},"end":{"line":81,"column":null}},"type":"cond-expr","locations":[{"start":{"line":80,"column":14},"end":{"line":80,"column":null}},{"start":{"line":81,"column":14},"end":{"line":81,"column":null}}],"line":79},"12":{"loc":{"start":{"line":84,"column":24},"end":{"line":84,"column":null}},"type":"cond-expr","locations":[{"start":{"line":84,"column":43},"end":{"line":84,"column":67}},{"start":{"line":84,"column":67},"end":{"line":84,"column":null}}],"line":84},"13":{"loc":{"start":{"line":105,"column":4},"end":{"line":108,"column":null}},"type":"if","locations":[{"start":{"line":105,"column":4},"end":{"line":108,"column":null}},{"start":{},"end":{}}],"line":105},"14":{"loc":{"start":{"line":105,"column":8},"end":{"line":105,"column":67}},"type":"binary-expr","locations":[{"start":{"line":105,"column":8},"end":{"line":105,"column":29}},{"start":{"line":105,"column":29},"end":{"line":105,"column":46}},{"start":{"line":105,"column":46},"end":{"line":105,"column":67}}],"line":105},"15":{"loc":{"start":{"line":109,"column":4},"end":{"line":112,"column":null}},"type":"if","locations":[{"start":{"line":109,"column":4},"end":{"line":112,"column":null}},{"start":{},"end":{}}],"line":109},"16":{"loc":{"start":{"line":117,"column":6},"end":{"line":125,"column":null}},"type":"if","locations":[{"start":{"line":117,"column":6},"end":{"line":125,"column":null}},{"start":{"line":120,"column":6},"end":{"line":125,"column":null}}],"line":117},"17":{"loc":{"start":{"line":120,"column":6},"end":{"line":125,"column":null}},"type":"if","locations":[{"start":{"line":120,"column":6},"end":{"line":125,"column":null}},{"start":{"line":123,"column":13},"end":{"line":125,"column":null}}],"line":120},"18":{"loc":{"start":{"line":134,"column":18},"end":{"line":134,"column":91}},"type":"cond-expr","locations":[{"start":{"line":134,"column":29},"end":{"line":134,"column":89}},{"start":{"line":134,"column":89},"end":{"line":134,"column":91}}],"line":134},"19":{"loc":{"start":{"line":145,"column":75},"end":{"line":145,"column":142}},"type":"if","locations":[{"start":{"line":145,"column":75},"end":{"line":145,"column":142}},{"start":{},"end":{}}],"line":145},"20":{"loc":{"start":{"line":147,"column":34},"end":{"line":147,"column":78}},"type":"binary-expr","locations":[{"start":{"line":147,"column":34},"end":{"line":147,"column":61}},{"start":{"line":147,"column":61},"end":{"line":147,"column":78}}],"line":147},"21":{"loc":{"start":{"line":149,"column":11},"end":{"line":150,"column":null}},"type":"binary-expr","locations":[{"start":{"line":149,"column":11},"end":{"line":149,"column":32}},{"start":{"line":149,"column":32},"end":{"line":149,"column":null}},{"start":{"line":150,"column":12},"end":{"line":150,"column":null}}],"line":149},"22":{"loc":{"start":{"line":170,"column":69},"end":{"line":170,"column":128}},"type":"if","locations":[{"start":{"line":170,"column":69},"end":{"line":170,"column":128}},{"start":{},"end":{}}],"line":170},"23":{"loc":{"start":{"line":172,"column":32},"end":{"line":172,"column":68}},"type":"binary-expr","locations":[{"start":{"line":172,"column":32},"end":{"line":172,"column":55}},{"start":{"line":172,"column":55},"end":{"line":172,"column":68}}],"line":172},"24":{"loc":{"start":{"line":175,"column":9},"end":{"line":176,"column":null}},"type":"binary-expr","locations":[{"start":{"line":175,"column":9},"end":{"line":175,"column":26}},{"start":{"line":175,"column":26},"end":{"line":175,"column":null}},{"start":{"line":176,"column":10},"end":{"line":176,"column":null}}],"line":175},"25":{"loc":{"start":{"line":184,"column":18},"end":{"line":184,"column":null}},"type":"cond-expr","locations":[{"start":{"line":184,"column":33},"end":{"line":184,"column":42}},{"start":{"line":184,"column":42},"end":{"line":184,"column":null}}],"line":184},"26":{"loc":{"start":{"line":187,"column":74},"end":{"line":187,"column":139}},"type":"if","locations":[{"start":{"line":187,"column":74},"end":{"line":187,"column":139}},{"start":{},"end":{}}],"line":187},"27":{"loc":{"start":{"line":189,"column":34},"end":{"line":189,"column":76}},"type":"binary-expr","locations":[{"start":{"line":189,"column":34},"end":{"line":189,"column":60}},{"start":{"line":189,"column":60},"end":{"line":189,"column":76}}],"line":189},"28":{"loc":{"start":{"line":195,"column":24},"end":{"line":195,"column":null}},"type":"cond-expr","locations":[{"start":{"line":195,"column":39},"end":{"line":195,"column":62}},{"start":{"line":195,"column":62},"end":{"line":195,"column":null}}],"line":195},"29":{"loc":{"start":{"line":199,"column":13},"end":{"line":199,"column":null}},"type":"cond-expr","locations":[{"start":{"line":199,"column":28},"end":{"line":199,"column":61}},{"start":{"line":199,"column":61},"end":{"line":199,"column":null}}],"line":199},"30":{"loc":{"start":{"line":202,"column":9},"end":{"line":203,"column":null}},"type":"binary-expr","locations":[{"start":{"line":202,"column":9},"end":{"line":202,"column":29}},{"start":{"line":202,"column":29},"end":{"line":202,"column":null}},{"start":{"line":203,"column":10},"end":{"line":203,"column":null}}],"line":202},"31":{"loc":{"start":{"line":206,"column":9},"end":{"line":223,"column":null}},"type":"binary-expr","locations":[{"start":{"line":206,"column":9},"end":{"line":206,"column":null}},{"start":{"line":207,"column":10},"end":{"line":223,"column":null}}],"line":206},"32":{"loc":{"start":{"line":214,"column":37},"end":{"line":214,"column":null}},"type":"cond-expr","locations":[{"start":{"line":214,"column":61},"end":{"line":214,"column":80}},{"start":{"line":214,"column":80},"end":{"line":214,"column":null}}],"line":214},"33":{"loc":{"start":{"line":215,"column":29},"end":{"line":215,"column":null}},"type":"cond-expr","locations":[{"start":{"line":215,"column":53},"end":{"line":215,"column":57}},{"start":{"line":215,"column":57},"end":{"line":215,"column":null}}],"line":215},"34":{"loc":{"start":{"line":228,"column":7},"end":{"line":240,"column":null}},"type":"binary-expr","locations":[{"start":{"line":228,"column":7},"end":{"line":228,"column":null}},{"start":{"line":229,"column":8},"end":{"line":240,"column":null}}],"line":228},"35":{"loc":{"start":{"line":244,"column":7},"end":{"line":248,"column":null}},"type":"binary-expr","locations":[{"start":{"line":244,"column":7},"end":{"line":244,"column":null}},{"start":{"line":245,"column":8},"end":{"line":248,"column":null}}],"line":244},"36":{"loc":{"start":{"line":253,"column":18},"end":{"line":253,"column":null}},"type":"binary-expr","locations":[{"start":{"line":253,"column":18},"end":{"line":253,"column":29}},{"start":{"line":253,"column":29},"end":{"line":253,"column":null}}],"line":253},"37":{"loc":{"start":{"line":256,"column":9},"end":{"line":262,"column":null}},"type":"cond-expr","locations":[{"start":{"line":257,"column":10},"end":{"line":260,"column":null}},{"start":{"line":262,"column":10},"end":{"line":262,"column":null}}],"line":256}},"s":{"0":0,"1":0,"2":0,"3":0,"4":0,"5":0,"6":0,"7":0,"8":0,"9":0,"10":0,"11":0,"12":0,"13":0,"14":0,"15":0,"16":0,"17":0,"18":0,"19":0,"20":0,"21":0,"22":0,"23":0,"24":0,"25":0,"26":0,"27":0,"28":0,"29":0,"30":0,"31":0,"32":0,"33":0,"34":0,"35":0,"36":0,"37":0,"38":0,"39":0,"40":0,"41":0,"42":0,"43":0,"44":0,"45":0,"46":0,"47":0,"48":0,"49":0,"50":0,"51":0,"52":0,"53":0,"54":0,"55":0,"56":0,"57":0,"58":0,"59":0,"60":0,"61":0,"62":0,"63":0,"64":0,"65":0,"66":0,"67":0,"68":0,"69":0,"70":0,"71":0,"72":0,"73":0,"74":0,"75":0,"76":0,"77":0,"78":0,"79":0,"80":0,"81":0,"82":0,"83":0,"84":0,"85":0,"86":0,"87":0},"f":{"0":0,"1":0,"2":0,"3":0,"4":0,"5":0,"6":0,"7":0,"8":0,"9":0,"10":0,"11":0,"12":0,"13":0,"14":0,"15":0,"16":0,"17":0},"b":{"0":[0,0],"1":[0,0],"2":[0,0],"3":[0,0],"4":[0,0],"5":[0,0],"6":[0,0],"7":[0,0],"8":[0,0,0],"9":[0,0],"10":[0,0],"11":[0,0],"12":[0,0],"13":[0,0],"14":[0,0,0],"15":[0,0],"16":[0,0],"17":[0,0],"18":[0,0],"19":[0,0],"20":[0,0],"21":[0,0,0],"22":[0,0],"23":[0,0],"24":[0,0,0],"25":[0,0],"26":[0,0],"27":[0,0],"28":[0,0],"29":[0,0],"30":[0,0,0],"31":[0,0],"32":[0,0],"33":[0,0],"34":[0,0],"35":[0,0],"36":[0,0],"37":[0,0]},"meta":{"lastBranch":38,"lastFunction":18,"lastStatement":88,"seen":{"f:10:9:10:30":0,"s:11:14:11:Infinity":0,"b:11:37:11:51:11:51:11:Infinity":0,"s:12:38:20:Infinity":1,"s:21:2:23:Infinity":2,"b:22:4:22:Infinity:undefined:undefined:undefined:undefined":1,"s:22:4:22:Infinity":3,"s:22:27:22:Infinity":4,"s:24:2:24:Infinity":5,"b:24:9:24:16:24:16:24:Infinity":2,"f:28:9:28:26":1,"s:29:14:29:Infinity":6,"b:30:2:30:Infinity:undefined:undefined:undefined:undefined":3,"s:30:2:30:Infinity":7,"s:30:22:30:Infinity":8,"b:31:2:31:Infinity:undefined:undefined:undefined:undefined":4,"s:31:2:31:Infinity":9,"b:31:6:31:26:31:26:31:44":5,"s:31:44:31:Infinity":10,"b:32:2:32:Infinity:undefined:undefined:undefined:undefined":6,"s:32:2:32:Infinity":11,"s:32:21:32:Infinity":12,"b:33:2:33:Infinity:undefined:undefined:undefined:undefined":7,"s:33:2:33:Infinity":13,"s:33:30:33:Infinity":14,"s:34:17:40:Infinity":15,"s:41:2:41:Infinity":16,"f:49:16:49:27":2,"s:50:17:50:Infinity":17,"s:51:32:51:Infinity":18,"s:52:30:52:Infinity":19,"s:53:24:53:Infinity":20,"s:54:30:54:Infinity":21,"s:55:28:55:Infinity":22,"s:56:24:56:Infinity":23,"s:57:36:57:Infinity":24,"s:58:38:58:Infinity":25,"s:59:34:59:Infinity":26,"s:60:28:60:Infinity":27,"s:62:21:62:Infinity":28,"s:63:23:63:Infinity":29,"f:65:11:65:24":3,"s:66:4:66:Infinity":30,"s:67:4:67:Infinity":31,"f:70:11:70:25":4,"s:71:17:71:Infinity":32,"b:73:6:75:Infinity:76:6:82:Infinity:83:6:85:Infinity":8,"s:72:4:86:Infinity":33,"s:74:8:74:Infinity":34,"b:74:41:74:55:74:55:74:Infinity":9,"s:75:8:75:Infinity":35,"s:77:8:81:Infinity":36,"b:78:12:78:Infinity:79:12:81:Infinity":10,"b:80:14:80:Infinity:81:14:81:Infinity":11,"s:82:8:82:Infinity":37,"s:84:8:84:Infinity":38,"b:84:43:84:67:84:67:84:Infinity":12,"s:85:8:85:Infinity":39,"s:87:4:87:Infinity":40,"f:90:11:90:22":5,"s:91:4:91:Infinity":41,"f:91:15:91:16":6,"s:91:23:91:47":42,"s:92:4:92:Infinity":43,"f:95:17:95:30":7,"s:96:4:96:Infinity":44,"s:97:4:97:Infinity":45,"s:98:4:98:Infinity":46,"s:101:4:101:Infinity":47,"s:102:4:102:Infinity":48,"s:103:4:103:Infinity":49,"b:105:4:108:Infinity:undefined:undefined:undefined:undefined":13,"s:105:4:108:Infinity":50,"b:105:8:105:29:105:29:105:46:105:46:105:67":14,"s:106:6:106:Infinity":51,"s:107:6:107:Infinity":52,"b:109:4:112:Infinity:undefined:undefined:undefined:undefined":15,"s:109:4:112:Infinity":53,"s:110:6:110:Infinity":54,"s:111:6:111:Infinity":55,"s:114:4:114:Infinity":56,"s:115:4:130:Infinity":57,"s:116:19:116:Infinity":58,"b:117:6:125:Infinity:120:6:125:Infinity":16,"s:117:6:125:Infinity":59,"s:119:8:119:Infinity":60,"b:120:6:125:Infinity:123:13:125:Infinity":17,"s:120:6:125:Infinity":61,"s:122:8:122:Infinity":62,"s:124:8:124:Infinity":63,"s:127:6:127:Infinity":64,"s:129:6:129:Infinity":65,"s:133:21:134:Infinity":66,"f:133:21:133:22":8,"s:134:4:134:Infinity":67,"b:134:29:134:89:134:89:134:91":18,"s:136:2:276:Infinity":68,"f:145:22:145:23":9,"s:145:31:145:61":69,"s:145:61:145:75":70,"b:145:75:145:142:undefined:undefined:undefined:undefined":19,"s:145:75:145:142":71,"s:145:98:145:142":72,"f:146:20:146:21":10,"s:146:27:146:Infinity":73,"b:147:34:147:61:147:61:147:78":20,"b:149:11:149:32:149:32:149:Infinity:150:12:150:Infinity":21,"f:158:22:158:23":11,"s:158:31:158:60":74,"s:158:60:158:74":75,"f:170:20:170:21":12,"s:170:29:170:55":76,"s:170:55:170:69":77,"b:170:69:170:128:undefined:undefined:undefined:undefined":22,"s:170:69:170:128":78,"s:170:88:170:128":79,"f:171:18:171:19":13,"s:171:25:171:Infinity":80,"b:172:32:172:55:172:55:172:68":23,"b:175:9:175:26:175:26:175:Infinity:176:10:176:Infinity":24,"b:184:33:184:42:184:42:184:Infinity":25,"f:187:22:187:23":14,"s:187:31:187:60":81,"s:187:60:187:74":82,"b:187:74:187:139:undefined:undefined:undefined:undefined":26,"s:187:74:187:139":83,"s:187:96:187:139":84,"f:188:20:188:21":15,"s:188:27:188:Infinity":85,"b:189:34:189:60:189:60:189:76":27,"f:194:21:194:27":16,"s:194:27:194:Infinity":86,"b:195:39:195:62:195:62:195:Infinity":28,"b:199:28:199:61:199:61:199:Infinity":29,"b:202:9:202:29:202:29:202:Infinity:203:10:203:Infinity":30,"b:206:9:206:Infinity:207:10:223:Infinity":31,"f:209:32:209:33":17,"s:210:16:217:Infinity":87,"b:214:61:214:80:214:80:214:Infinity":32,"b:215:53:215:57:215:57:215:Infinity":33,"b:228:7:228:Infinity:229:8:240:Infinity":34,"b:244:7:244:Infinity:245:8:248:Infinity":35,"b:253:18:253:29:253:29:253:Infinity":36,"b:257:10:260:Infinity:262:10:262:Infinity":37},"fnNames":{}}}
,"C:\\Users\\Paúl Morales\\Downloads\\Compressed\\foresight-finanzas-main\\foresight-finanzas-main\\src\\components\\features\\movements\\TransactionModal.tsx": {"path":"C:\\Users\\Paúl Morales\\Downloads\\Compressed\\foresight-finanzas-main\\foresight-finanzas-main\\src\\components\\features\\movements\\TransactionModal.tsx","statementMap":{"0":{"start":{"line":20,"column":8},"end":{"line":20,"column":null}},"1":{"start":{"line":20,"column":35},"end":{"line":20,"column":48}},"2":{"start":{"line":21,"column":8},"end":{"line":21,"column":null}},"3":{"start":{"line":21,"column":38},"end":{"line":21,"column":49}},"4":{"start":{"line":22,"column":8},"end":{"line":22,"column":null}},"5":{"start":{"line":22,"column":39},"end":{"line":22,"column":51}},"6":{"start":{"line":23,"column":8},"end":{"line":23,"column":null}},"7":{"start":{"line":23,"column":42},"end":{"line":23,"column":52}},"8":{"start":{"line":24,"column":8},"end":{"line":24,"column":null}},"9":{"start":{"line":24,"column":48},"end":{"line":24,"column":64}},"10":{"start":{"line":25,"column":8},"end":{"line":25,"column":null}},"11":{"start":{"line":25,"column":51},"end":{"line":25,"column":70}},"12":{"start":{"line":26,"column":8},"end":{"line":26,"column":null}},"13":{"start":{"line":26,"column":51},"end":{"line":26,"column":70}},"14":{"start":{"line":27,"column":8},"end":{"line":27,"column":null}},"15":{"start":{"line":27,"column":46},"end":{"line":27,"column":65}},"16":{"start":{"line":28,"column":8},"end":{"line":28,"column":null}},"17":{"start":{"line":28,"column":39},"end":{"line":28,"column":51}},"18":{"start":{"line":29,"column":8},"end":{"line":29,"column":null}},"19":{"start":{"line":29,"column":44},"end":{"line":29,"column":61}},"20":{"start":{"line":30,"column":8},"end":{"line":30,"column":null}},"21":{"start":{"line":30,"column":45},"end":{"line":30,"column":63}},"22":{"start":{"line":31,"column":8},"end":{"line":31,"column":null}},"23":{"start":{"line":31,"column":37},"end":{"line":31,"column":47}},"24":{"start":{"line":32,"column":8},"end":{"line":32,"column":null}},"25":{"start":{"line":32,"column":57},"end":{"line":32,"column":82}},"26":{"start":{"line":33,"column":8},"end":{"line":33,"column":null}},"27":{"start":{"line":33,"column":56},"end":{"line":33,"column":80}},"28":{"start":{"line":34,"column":8},"end":{"line":34,"column":null}},"29":{"start":{"line":34,"column":51},"end":{"line":34,"column":70}},"30":{"start":{"line":35,"column":8},"end":{"line":35,"column":null}},"31":{"start":{"line":35,"column":49},"end":{"line":35,"column":66}},"32":{"start":{"line":39,"column":8},"end":{"line":54,"column":null}},"33":{"start":{"line":40,"column":21},"end":{"line":40,"column":null}},"34":{"start":{"line":41,"column":18},"end":{"line":41,"column":null}},"35":{"start":{"line":42,"column":22},"end":{"line":42,"column":null}},"36":{"start":{"line":43,"column":21},"end":{"line":43,"column":null}},"37":{"start":{"line":44,"column":23},"end":{"line":44,"column":null}},"38":{"start":{"line":45,"column":22},"end":{"line":45,"column":null}},"39":{"start":{"line":47,"column":4},"end":{"line":49,"column":null}},"40":{"start":{"line":48,"column":6},"end":{"line":48,"column":null}},"41":{"start":{"line":51,"column":20},"end":{"line":51,"column":null}},"42":{"start":{"line":52,"column":16},"end":{"line":52,"column":null}},"43":{"start":{"line":53,"column":4},"end":{"line":53,"column":null}},"44":{"start":{"line":56,"column":22},"end":{"line":56,"column":null}},"45":{"start":{"line":57,"column":26},"end":{"line":57,"column":null}},"46":{"start":{"line":58,"column":28},"end":{"line":58,"column":null}},"47":{"start":{"line":59,"column":22},"end":{"line":59,"column":null}},"48":{"start":{"line":60,"column":30},"end":{"line":60,"column":null}},"49":{"start":{"line":61,"column":26},"end":{"line":61,"column":null}},"50":{"start":{"line":62,"column":38},"end":{"line":62,"column":null}},"51":{"start":{"line":65,"column":34},"end":{"line":65,"column":null}},"52":{"start":{"line":66,"column":36},"end":{"line":66,"column":null}},"53":{"start":{"line":67,"column":34},"end":{"line":67,"column":null}},"54":{"start":{"line":68,"column":36},"end":{"line":68,"column":null}},"55":{"start":{"line":70,"column":21},"end":{"line":73,"column":null}},"56":{"start":{"line":76,"column":18},"end":{"line":76,"column":null}},"57":{"start":{"line":77,"column":4},"end":{"line":80,"column":null}},"58":{"start":{"line":78,"column":6},"end":{"line":78,"column":null}},"59":{"start":{"line":79,"column":6},"end":{"line":79,"column":null}},"60":{"start":{"line":82,"column":4},"end":{"line":85,"column":null}},"61":{"start":{"line":82,"column":31},"end":{"line":82,"column":76}},"62":{"start":{"line":83,"column":6},"end":{"line":83,"column":null}},"63":{"start":{"line":84,"column":6},"end":{"line":84,"column":null}},"64":{"start":{"line":86,"column":15},"end":{"line":86,"column":null}},"65":{"start":{"line":87,"column":34},"end":{"line":87,"column":null}},"66":{"start":{"line":88,"column":4},"end":{"line":88,"column":null}},"67":{"start":{"line":89,"column":4},"end":{"line":89,"column":null}},"68":{"start":{"line":90,"column":4},"end":{"line":90,"column":null}},"69":{"start":{"line":91,"column":4},"end":{"line":91,"column":null}},"70":{"start":{"line":92,"column":4},"end":{"line":92,"column":null}},"71":{"start":{"line":94,"column":4},"end":{"line":94,"column":null}},"72":{"start":{"line":94,"column":28},"end":{"line":94,"column":97}},"73":{"start":{"line":94,"column":37},"end":{"line":94,"column":97}},"74":{"start":{"line":98,"column":2},"end":{"line":120,"column":null}},"75":{"start":{"line":99,"column":4},"end":{"line":119,"column":null}},"76":{"start":{"line":100,"column":19},"end":{"line":100,"column":null}},"77":{"start":{"line":100,"column":40},"end":{"line":100,"column":58}},"78":{"start":{"line":101,"column":6},"end":{"line":109,"column":null}},"79":{"start":{"line":102,"column":8},"end":{"line":102,"column":null}},"80":{"start":{"line":103,"column":8},"end":{"line":103,"column":null}},"81":{"start":{"line":104,"column":8},"end":{"line":104,"column":null}},"82":{"start":{"line":105,"column":8},"end":{"line":105,"column":null}},"83":{"start":{"line":106,"column":8},"end":{"line":106,"column":null}},"84":{"start":{"line":107,"column":8},"end":{"line":107,"column":null}},"85":{"start":{"line":108,"column":8},"end":{"line":108,"column":null}},"86":{"start":{"line":110,"column":4},"end":{"line":119,"column":null}},"87":{"start":{"line":112,"column":6},"end":{"line":112,"column":null}},"88":{"start":{"line":113,"column":6},"end":{"line":113,"column":null}},"89":{"start":{"line":114,"column":6},"end":{"line":114,"column":null}},"90":{"start":{"line":115,"column":6},"end":{"line":115,"column":null}},"91":{"start":{"line":116,"column":6},"end":{"line":116,"column":null}},"92":{"start":{"line":117,"column":6},"end":{"line":117,"column":null}},"93":{"start":{"line":118,"column":6},"end":{"line":118,"column":null}},"94":{"start":{"line":123,"column":2},"end":{"line":123,"column":null}},"95":{"start":{"line":126,"column":2},"end":{"line":126,"column":null}},"96":{"start":{"line":128,"column":2},"end":{"line":128,"column":null}},"97":{"start":{"line":128,"column":15},"end":{"line":128,"column":null}},"98":{"start":{"line":130,"column":20},"end":{"line":130,"column":null}},"99":{"start":{"line":133,"column":4},"end":{"line":133,"column":null}},"100":{"start":{"line":134,"column":10},"end":{"line":134,"column":null}},"101":{"start":{"line":135,"column":4},"end":{"line":138,"column":null}},"102":{"start":{"line":136,"column":6},"end":{"line":136,"column":null}},"103":{"start":{"line":137,"column":6},"end":{"line":137,"column":null}},"104":{"start":{"line":139,"column":4},"end":{"line":142,"column":null}},"105":{"start":{"line":140,"column":6},"end":{"line":140,"column":null}},"106":{"start":{"line":141,"column":6},"end":{"line":141,"column":null}},"107":{"start":{"line":144,"column":17},"end":{"line":152,"column":null}},"108":{"start":{"line":154,"column":4},"end":{"line":158,"column":null}},"109":{"start":{"line":155,"column":6},"end":{"line":155,"column":null}},"110":{"start":{"line":157,"column":6},"end":{"line":157,"column":null}},"111":{"start":{"line":161,"column":4},"end":{"line":161,"column":null}},"112":{"start":{"line":162,"column":4},"end":{"line":162,"column":null}},"113":{"start":{"line":164,"column":4},"end":{"line":164,"column":null}},"114":{"start":{"line":164,"column":28},"end":{"line":164,"column":92}},"115":{"start":{"line":164,"column":37},"end":{"line":164,"column":92}},"116":{"start":{"line":168,"column":4},"end":{"line":168,"column":null}},"117":{"start":{"line":168,"column":29},"end":{"line":168,"column":null}},"118":{"start":{"line":169,"column":4},"end":{"line":169,"column":null}},"119":{"start":{"line":171,"column":4},"end":{"line":171,"column":null}},"120":{"start":{"line":172,"column":4},"end":{"line":172,"column":null}},"121":{"start":{"line":173,"column":4},"end":{"line":173,"column":null}},"122":{"start":{"line":175,"column":4},"end":{"line":175,"column":null}},"123":{"start":{"line":175,"column":28},"end":{"line":175,"column":92}},"124":{"start":{"line":175,"column":37},"end":{"line":175,"column":92}},"125":{"start":{"line":178,"column":2},"end":{"line":465,"column":null}},"126":{"start":{"line":206,"column":18},"end":{"line":219,"column":null}},"127":{"start":{"line":209,"column":37},"end":{"line":209,"column":49}},"128":{"start":{"line":209,"column":49},"end":{"line":209,"column":66}},"129":{"start":{"line":234,"column":30},"end":{"line":234,"column":null}},"130":{"start":{"line":235,"column":18},"end":{"line":237,"column":null}},"131":{"start":{"line":236,"column":20},"end":{"line":236,"column":null}},"132":{"start":{"line":254,"column":33},"end":{"line":254,"column":null}},"133":{"start":{"line":263,"column":33},"end":{"line":263,"column":null}},"134":{"start":{"line":275,"column":18},"end":{"line":286,"column":null}},"135":{"start":{"line":278,"column":35},"end":{"line":278,"column":null}},"136":{"start":{"line":298,"column":18},"end":{"line":309,"column":null}},"137":{"start":{"line":301,"column":35},"end":{"line":301,"column":null}},"138":{"start":{"line":327,"column":16},"end":{"line":341,"column":null}},"139":{"start":{"line":330,"column":33},"end":{"line":330,"column":null}},"140":{"start":{"line":346,"column":31},"end":{"line":346,"column":null}},"141":{"start":{"line":367,"column":37},"end":{"line":367,"column":null}},"142":{"start":{"line":371,"column":40},"end":{"line":371,"column":90}},"143":{"start":{"line":371,"column":63},"end":{"line":371,"column":90}},"144":{"start":{"line":385,"column":22},"end":{"line":396,"column":null}},"145":{"start":{"line":388,"column":39},"end":{"line":388,"column":null}},"146":{"start":{"line":403,"column":20},"end":{"line":410,"column":null}},"147":{"start":{"line":406,"column":37},"end":{"line":406,"column":null}},"148":{"start":{"line":423,"column":29},"end":{"line":423,"column":null}}},"fnMap":{"0":{"name":"TransactionModal","decl":{"start":{"line":15,"column":16},"end":{"line":15,"column":33}},"loc":{"start":{"line":19,"column":3},"end":{"line":467,"column":null}},"line":19},"1":{"name":"(anonymous_1)","decl":{"start":{"line":20,"column":28},"end":{"line":20,"column":29}},"loc":{"start":{"line":20,"column":35},"end":{"line":20,"column":48}},"line":20},"2":{"name":"(anonymous_2)","decl":{"start":{"line":21,"column":31},"end":{"line":21,"column":32}},"loc":{"start":{"line":21,"column":38},"end":{"line":21,"column":49}},"line":21},"3":{"name":"(anonymous_3)","decl":{"start":{"line":22,"column":32},"end":{"line":22,"column":33}},"loc":{"start":{"line":22,"column":39},"end":{"line":22,"column":51}},"line":22},"4":{"name":"(anonymous_4)","decl":{"start":{"line":23,"column":35},"end":{"line":23,"column":36}},"loc":{"start":{"line":23,"column":42},"end":{"line":23,"column":52}},"line":23},"5":{"name":"(anonymous_5)","decl":{"start":{"line":24,"column":41},"end":{"line":24,"column":42}},"loc":{"start":{"line":24,"column":48},"end":{"line":24,"column":64}},"line":24},"6":{"name":"(anonymous_6)","decl":{"start":{"line":25,"column":44},"end":{"line":25,"column":45}},"loc":{"start":{"line":25,"column":51},"end":{"line":25,"column":70}},"line":25},"7":{"name":"(anonymous_7)","decl":{"start":{"line":26,"column":44},"end":{"line":26,"column":45}},"loc":{"start":{"line":26,"column":51},"end":{"line":26,"column":70}},"line":26},"8":{"name":"(anonymous_8)","decl":{"start":{"line":27,"column":39},"end":{"line":27,"column":40}},"loc":{"start":{"line":27,"column":46},"end":{"line":27,"column":65}},"line":27},"9":{"name":"(anonymous_9)","decl":{"start":{"line":28,"column":32},"end":{"line":28,"column":33}},"loc":{"start":{"line":28,"column":39},"end":{"line":28,"column":51}},"line":28},"10":{"name":"(anonymous_10)","decl":{"start":{"line":29,"column":37},"end":{"line":29,"column":38}},"loc":{"start":{"line":29,"column":44},"end":{"line":29,"column":61}},"line":29},"11":{"name":"(anonymous_11)","decl":{"start":{"line":30,"column":38},"end":{"line":30,"column":39}},"loc":{"start":{"line":30,"column":45},"end":{"line":30,"column":63}},"line":30},"12":{"name":"(anonymous_12)","decl":{"start":{"line":31,"column":30},"end":{"line":31,"column":31}},"loc":{"start":{"line":31,"column":37},"end":{"line":31,"column":47}},"line":31},"13":{"name":"(anonymous_13)","decl":{"start":{"line":32,"column":50},"end":{"line":32,"column":51}},"loc":{"start":{"line":32,"column":57},"end":{"line":32,"column":82}},"line":32},"14":{"name":"(anonymous_14)","decl":{"start":{"line":33,"column":49},"end":{"line":33,"column":50}},"loc":{"start":{"line":33,"column":56},"end":{"line":33,"column":80}},"line":33},"15":{"name":"(anonymous_15)","decl":{"start":{"line":34,"column":44},"end":{"line":34,"column":45}},"loc":{"start":{"line":34,"column":51},"end":{"line":34,"column":70}},"line":34},"16":{"name":"(anonymous_16)","decl":{"start":{"line":35,"column":42},"end":{"line":35,"column":43}},"loc":{"start":{"line":35,"column":49},"end":{"line":35,"column":66}},"line":35},"17":{"name":"(anonymous_17)","decl":{"start":{"line":39,"column":30},"end":{"line":39,"column":36}},"loc":{"start":{"line":39,"column":36},"end":{"line":54,"column":5}},"line":39},"18":{"name":"handleAddCustomCategory","decl":{"start":{"line":75,"column":11},"end":{"line":75,"column":37}},"loc":{"start":{"line":75,"column":37},"end":{"line":95,"column":null}},"line":75},"19":{"name":"(anonymous_19)","decl":{"start":{"line":82,"column":24},"end":{"line":82,"column":25}},"loc":{"start":{"line":82,"column":31},"end":{"line":82,"column":76}},"line":82},"20":{"name":"(anonymous_20)","decl":{"start":{"line":94,"column":18},"end":{"line":94,"column":19}},"loc":{"start":{"line":94,"column":26},"end":{"line":94,"column":98}},"line":94},"21":{"name":"(anonymous_21)","decl":{"start":{"line":98,"column":12},"end":{"line":98,"column":18}},"loc":{"start":{"line":98,"column":18},"end":{"line":120,"column":5}},"line":98},"22":{"name":"(anonymous_22)","decl":{"start":{"line":100,"column":33},"end":{"line":100,"column":34}},"loc":{"start":{"line":100,"column":40},"end":{"line":100,"column":58}},"line":100},"23":{"name":"handleSubmit","decl":{"start":{"line":132,"column":17},"end":{"line":132,"column":30}},"loc":{"start":{"line":132,"column":44},"end":{"line":165,"column":null}},"line":132},"24":{"name":"(anonymous_24)","decl":{"start":{"line":164,"column":18},"end":{"line":164,"column":19}},"loc":{"start":{"line":164,"column":26},"end":{"line":164,"column":93}},"line":164},"25":{"name":"handleDelete","decl":{"start":{"line":167,"column":17},"end":{"line":167,"column":32}},"loc":{"start":{"line":167,"column":32},"end":{"line":176,"column":null}},"line":167},"26":{"name":"(anonymous_26)","decl":{"start":{"line":175,"column":18},"end":{"line":175,"column":19}},"loc":{"start":{"line":175,"column":26},"end":{"line":175,"column":93}},"line":175},"27":{"name":"(anonymous_27)","decl":{"start":{"line":205,"column":66},"end":{"line":205,"column":67}},"loc":{"start":{"line":206,"column":18},"end":{"line":219,"column":null}},"line":206},"28":{"name":"(anonymous_28)","decl":{"start":{"line":209,"column":29},"end":{"line":209,"column":35}},"loc":{"start":{"line":209,"column":35},"end":{"line":209,"column":null}},"line":209},"29":{"name":"(anonymous_29)","decl":{"start":{"line":232,"column":26},"end":{"line":232,"column":27}},"loc":{"start":{"line":232,"column":33},"end":{"line":238,"column":null}},"line":232},"30":{"name":"(anonymous_30)","decl":{"start":{"line":254,"column":26},"end":{"line":254,"column":27}},"loc":{"start":{"line":254,"column":33},"end":{"line":254,"column":null}},"line":254},"31":{"name":"(anonymous_31)","decl":{"start":{"line":263,"column":26},"end":{"line":263,"column":27}},"loc":{"start":{"line":263,"column":33},"end":{"line":263,"column":null}},"line":263},"32":{"name":"(anonymous_32)","decl":{"start":{"line":274,"column":66},"end":{"line":274,"column":67}},"loc":{"start":{"line":275,"column":18},"end":{"line":286,"column":null}},"line":275},"33":{"name":"(anonymous_33)","decl":{"start":{"line":278,"column":29},"end":{"line":278,"column":35}},"loc":{"start":{"line":278,"column":35},"end":{"line":278,"column":null}},"line":278},"34":{"name":"(anonymous_34)","decl":{"start":{"line":297,"column":65},"end":{"line":297,"column":66}},"loc":{"start":{"line":298,"column":18},"end":{"line":309,"column":null}},"line":298},"35":{"name":"(anonymous_35)","decl":{"start":{"line":301,"column":29},"end":{"line":301,"column":35}},"loc":{"start":{"line":301,"column":35},"end":{"line":301,"column":null}},"line":301},"36":{"name":"(anonymous_36)","decl":{"start":{"line":326,"column":30},"end":{"line":326,"column":31}},"loc":{"start":{"line":327,"column":16},"end":{"line":341,"column":null}},"line":327},"37":{"name":"(anonymous_37)","decl":{"start":{"line":330,"column":27},"end":{"line":330,"column":33}},"loc":{"start":{"line":330,"column":33},"end":{"line":330,"column":null}},"line":330},"38":{"name":"(anonymous_38)","decl":{"start":{"line":346,"column":25},"end":{"line":346,"column":31}},"loc":{"start":{"line":346,"column":31},"end":{"line":346,"column":null}},"line":346},"39":{"name":"(anonymous_39)","decl":{"start":{"line":367,"column":30},"end":{"line":367,"column":31}},"loc":{"start":{"line":367,"column":37},"end":{"line":367,"column":null}},"line":367},"40":{"name":"(anonymous_40)","decl":{"start":{"line":371,"column":31},"end":{"line":371,"column":32}},"loc":{"start":{"line":371,"column":38},"end":{"line":371,"column":null}},"line":371},"41":{"name":"(anonymous_41)","decl":{"start":{"line":384,"column":127},"end":{"line":384,"column":128}},"loc":{"start":{"line":385,"column":22},"end":{"line":396,"column":null}},"line":385},"42":{"name":"(anonymous_42)","decl":{"start":{"line":388,"column":33},"end":{"line":388,"column":39}},"loc":{"start":{"line":388,"column":39},"end":{"line":388,"column":null}},"line":388},"43":{"name":"(anonymous_43)","decl":{"start":{"line":402,"column":51},"end":{"line":402,"column":52}},"loc":{"start":{"line":403,"column":20},"end":{"line":410,"column":null}},"line":403},"44":{"name":"(anonymous_44)","decl":{"start":{"line":406,"column":31},"end":{"line":406,"column":37}},"loc":{"start":{"line":406,"column":37},"end":{"line":406,"column":null}},"line":406},"45":{"name":"(anonymous_45)","decl":{"start":{"line":423,"column":23},"end":{"line":423,"column":29}},"loc":{"start":{"line":423,"column":29},"end":{"line":423,"column":null}},"line":423}},"branchMap":{"0":{"loc":{"start":{"line":47,"column":4},"end":{"line":49,"column":null}},"type":"if","locations":[{"start":{"line":47,"column":4},"end":{"line":49,"column":null}},{"start":{},"end":{}}],"line":47},"1":{"loc":{"start":{"line":47,"column":8},"end":{"line":47,"column":60}},"type":"binary-expr","locations":[{"start":{"line":47,"column":8},"end":{"line":47,"column":36}},{"start":{"line":47,"column":36},"end":{"line":47,"column":60}}],"line":47},"2":{"loc":{"start":{"line":71,"column":8},"end":{"line":71,"column":null}},"type":"cond-expr","locations":[{"start":{"line":71,"column":28},"end":{"line":71,"column":48}},{"start":{"line":71,"column":48},"end":{"line":71,"column":null}}],"line":71},"3":{"loc":{"start":{"line":72,"column":8},"end":{"line":72,"column":null}},"type":"cond-expr","locations":[{"start":{"line":72,"column":28},"end":{"line":72,"column":53}},{"start":{"line":72,"column":53},"end":{"line":72,"column":null}}],"line":72},"4":{"loc":{"start":{"line":77,"column":4},"end":{"line":80,"column":null}},"type":"if","locations":[{"start":{"line":77,"column":4},"end":{"line":80,"column":null}},{"start":{},"end":{}}],"line":77},"5":{"loc":{"start":{"line":82,"column":4},"end":{"line":85,"column":null}},"type":"if","locations":[{"start":{"line":82,"column":4},"end":{"line":85,"column":null}},{"start":{},"end":{}}],"line":82},"6":{"loc":{"start":{"line":94,"column":28},"end":{"line":94,"column":97}},"type":"if","locations":[{"start":{"line":94,"column":28},"end":{"line":94,"column":97}},{"start":{},"end":{}}],"line":94},"7":{"loc":{"start":{"line":99,"column":4},"end":{"line":119,"column":null}},"type":"if","locations":[{"start":{"line":99,"column":4},"end":{"line":119,"column":null}},{"start":{"line":110,"column":4},"end":{"line":119,"column":null}}],"line":99},"8":{"loc":{"start":{"line":99,"column":8},"end":{"line":99,"column":38}},"type":"binary-expr","locations":[{"start":{"line":99,"column":8},"end":{"line":99,"column":30}},{"start":{"line":99,"column":30},"end":{"line":99,"column":38}}],"line":99},"9":{"loc":{"start":{"line":101,"column":6},"end":{"line":109,"column":null}},"type":"if","locations":[{"start":{"line":101,"column":6},"end":{"line":109,"column":null}},{"start":{},"end":{}}],"line":101},"10":{"loc":{"start":{"line":110,"column":4},"end":{"line":119,"column":null}},"type":"if","locations":[{"start":{"line":110,"column":4},"end":{"line":119,"column":null}},{"start":{},"end":{}}],"line":110},"11":{"loc":{"start":{"line":126,"column":27},"end":{"line":126,"column":55}},"type":"binary-expr","locations":[{"start":{"line":126,"column":27},"end":{"line":126,"column":37}},{"start":{"line":126,"column":37},"end":{"line":126,"column":55}}],"line":126},"12":{"loc":{"start":{"line":128,"column":2},"end":{"line":128,"column":null}},"type":"if","locations":[{"start":{"line":128,"column":2},"end":{"line":128,"column":null}},{"start":{},"end":{}}],"line":128},"13":{"loc":{"start":{"line":135,"column":4},"end":{"line":138,"column":null}},"type":"if","locations":[{"start":{"line":135,"column":4},"end":{"line":138,"column":null}},{"start":{},"end":{}}],"line":135},"14":{"loc":{"start":{"line":139,"column":4},"end":{"line":142,"column":null}},"type":"if","locations":[{"start":{"line":139,"column":4},"end":{"line":142,"column":null}},{"start":{},"end":{}}],"line":139},"15":{"loc":{"start":{"line":154,"column":4},"end":{"line":158,"column":null}},"type":"if","locations":[{"start":{"line":154,"column":4},"end":{"line":158,"column":null}},{"start":{"line":156,"column":11},"end":{"line":158,"column":null}}],"line":154},"16":{"loc":{"start":{"line":162,"column":13},"end":{"line":162,"column":81}},"type":"cond-expr","locations":[{"start":{"line":162,"column":25},"end":{"line":162,"column":54}},{"start":{"line":162,"column":54},"end":{"line":162,"column":81}}],"line":162},"17":{"loc":{"start":{"line":164,"column":28},"end":{"line":164,"column":92}},"type":"if","locations":[{"start":{"line":164,"column":28},"end":{"line":164,"column":92}},{"start":{},"end":{}}],"line":164},"18":{"loc":{"start":{"line":168,"column":4},"end":{"line":168,"column":null}},"type":"if","locations":[{"start":{"line":168,"column":4},"end":{"line":168,"column":null}},{"start":{},"end":{}}],"line":168},"19":{"loc":{"start":{"line":175,"column":28},"end":{"line":175,"column":92}},"type":"if","locations":[{"start":{"line":175,"column":28},"end":{"line":175,"column":92}},{"start":{},"end":{}}],"line":175},"20":{"loc":{"start":{"line":191,"column":13},"end":{"line":191,"column":null}},"type":"cond-expr","locations":[{"start":{"line":191,"column":25},"end":{"line":191,"column":47}},{"start":{"line":191,"column":47},"end":{"line":191,"column":null}}],"line":191},"21":{"loc":{"start":{"line":211,"column":22},"end":{"line":215,"column":null}},"type":"cond-expr","locations":[{"start":{"line":212,"column":26},"end":{"line":214,"column":null}},{"start":{"line":215,"column":26},"end":{"line":215,"column":null}}],"line":211},"22":{"loc":{"start":{"line":212,"column":26},"end":{"line":214,"column":null}},"type":"cond-expr","locations":[{"start":{"line":213,"column":28},"end":{"line":213,"column":null}},{"start":{"line":214,"column":28},"end":{"line":214,"column":null}}],"line":212},"23":{"loc":{"start":{"line":218,"column":21},"end":{"line":218,"column":null}},"type":"cond-expr","locations":[{"start":{"line":218,"column":38},"end":{"line":218,"column":53}},{"start":{"line":218,"column":53},"end":{"line":218,"column":null}}],"line":218},"24":{"loc":{"start":{"line":235,"column":18},"end":{"line":237,"column":null}},"type":"if","locations":[{"start":{"line":235,"column":18},"end":{"line":237,"column":null}},{"start":{},"end":{}}],"line":235},"25":{"loc":{"start":{"line":280,"column":22},"end":{"line":282,"column":null}},"type":"cond-expr","locations":[{"start":{"line":281,"column":26},"end":{"line":281,"column":null}},{"start":{"line":282,"column":26},"end":{"line":282,"column":null}}],"line":280},"26":{"loc":{"start":{"line":285,"column":21},"end":{"line":285,"column":null}},"type":"cond-expr","locations":[{"start":{"line":285,"column":41},"end":{"line":285,"column":56}},{"start":{"line":285,"column":56},"end":{"line":285,"column":null}}],"line":285},"27":{"loc":{"start":{"line":303,"column":22},"end":{"line":305,"column":null}},"type":"cond-expr","locations":[{"start":{"line":304,"column":26},"end":{"line":304,"column":null}},{"start":{"line":305,"column":26},"end":{"line":305,"column":null}}],"line":303},"28":{"loc":{"start":{"line":319,"column":15},"end":{"line":322,"column":null}},"type":"binary-expr","locations":[{"start":{"line":319,"column":15},"end":{"line":319,"column":null}},{"start":{"line":320,"column":16},"end":{"line":322,"column":null}}],"line":319},"29":{"loc":{"start":{"line":332,"column":20},"end":{"line":334,"column":null}},"type":"cond-expr","locations":[{"start":{"line":333,"column":24},"end":{"line":333,"column":null}},{"start":{"line":334,"column":24},"end":{"line":334,"column":null}}],"line":332},"30":{"loc":{"start":{"line":337,"column":58},"end":{"line":337,"column":75}},"type":"binary-expr","locations":[{"start":{"line":337,"column":58},"end":{"line":337,"column":70}},{"start":{"line":337,"column":70},"end":{"line":337,"column":75}}],"line":337},"31":{"loc":{"start":{"line":348,"column":18},"end":{"line":350,"column":null}},"type":"cond-expr","locations":[{"start":{"line":349,"column":22},"end":{"line":349,"column":null}},{"start":{"line":350,"column":22},"end":{"line":350,"column":null}}],"line":348},"32":{"loc":{"start":{"line":353,"column":56},"end":{"line":353,"column":79}},"type":"cond-expr","locations":[{"start":{"line":353,"column":69},"end":{"line":353,"column":75}},{"start":{"line":353,"column":75},"end":{"line":353,"column":79}}],"line":353},"33":{"loc":{"start":{"line":355,"column":19},"end":{"line":355,"column":null}},"type":"cond-expr","locations":[{"start":{"line":355,"column":32},"end":{"line":355,"column":45}},{"start":{"line":355,"column":45},"end":{"line":355,"column":null}}],"line":355},"34":{"loc":{"start":{"line":361,"column":13},"end":{"line":413,"column":null}},"type":"binary-expr","locations":[{"start":{"line":361,"column":13},"end":{"line":361,"column":null}},{"start":{"line":362,"column":14},"end":{"line":413,"column":null}}],"line":361},"35":{"loc":{"start":{"line":371,"column":40},"end":{"line":371,"column":90}},"type":"if","locations":[{"start":{"line":371,"column":40},"end":{"line":371,"column":90}},{"start":{},"end":{}}],"line":371},"36":{"loc":{"start":{"line":390,"column":26},"end":{"line":392,"column":null}},"type":"cond-expr","locations":[{"start":{"line":391,"column":30},"end":{"line":391,"column":null}},{"start":{"line":392,"column":30},"end":{"line":392,"column":null}}],"line":390},"37":{"loc":{"start":{"line":408,"column":24},"end":{"line":408,"column":null}},"type":"cond-expr","locations":[{"start":{"line":408,"column":44},"end":{"line":408,"column":115}},{"start":{"line":408,"column":115},"end":{"line":408,"column":null}}],"line":408},"38":{"loc":{"start":{"line":420,"column":11},"end":{"line":428,"column":null}},"type":"binary-expr","locations":[{"start":{"line":420,"column":11},"end":{"line":420,"column":null}},{"start":{"line":421,"column":12},"end":{"line":428,"column":null}}],"line":420},"39":{"loc":{"start":{"line":430,"column":11},"end":{"line":437,"column":null}},"type":"binary-expr","locations":[{"start":{"line":430,"column":11},"end":{"line":430,"column":null}},{"start":{"line":431,"column":12},"end":{"line":437,"column":null}}],"line":430},"40":{"loc":{"start":{"line":443,"column":13},"end":{"line":443,"column":null}},"type":"cond-expr","locations":[{"start":{"line":443,"column":25},"end":{"line":443,"column":45}},{"start":{"line":443,"column":45},"end":{"line":443,"column":null}}],"line":443},"41":{"loc":{"start":{"line":448,"column":7},"end":{"line":462,"column":null}},"type":"binary-expr","locations":[{"start":{"line":448,"column":7},"end":{"line":448,"column":null}},{"start":{"line":449,"column":8},"end":{"line":462,"column":null}}],"line":448}},"s":{"0":0,"1":0,"2":0,"3":0,"4":0,"5":0,"6":0,"7":0,"8":0,"9":0,"10":0,"11":0,"12":0,"13":0,"14":0,"15":0,"16":0,"17":0,"18":0,"19":0,"20":0,"21":0,"22":0,"23":0,"24":0,"25":0,"26":0,"27":0,"28":0,"29":0,"30":0,"31":0,"32":0,"33":0,"34":0,"35":0,"36":0,"37":0,"38":0,"39":0,"40":0,"41":0,"42":0,"43":0,"44":0,"45":0,"46":0,"47":0,"48":0,"49":0,"50":0,"51":0,"52":0,"53":0,"54":0,"55":0,"56":0,"57":0,"58":0,"59":0,"60":0,"61":0,"62":0,"63":0,"64":0,"65":0,"66":0,"67":0,"68":0,"69":0,"70":0,"71":0,"72":0,"73":0,"74":0,"75":0,"76":0,"77":0,"78":0,"79":0,"80":0,"81":0,"82":0,"83":0,"84":0,"85":0,"86":0,"87":0,"88":0,"89":0,"90":0,"91":0,"92":0,"93":0,"94":0,"95":0,"96":0,"97":0,"98":0,"99":0,"100":0,"101":0,"102":0,"103":0,"104":0,"105":0,"106":0,"107":0,"108":0,"109":0,"110":0,"111":0,"112":0,"113":0,"114":0,"115":0,"116":0,"117":0,"118":0,"119":0,"120":0,"121":0,"122":0,"123":0,"124":0,"125":0,"126":0,"127":0,"128":0,"129":0,"130":0,"131":0,"132":0,"133":0,"134":0,"135":0,"136":0,"137":0,"138":0,"139":0,"140":0,"141":0,"142":0,"143":0,"144":0,"145":0,"146":0,"147":0,"148":0},"f":{"0":0,"1":0,"2":0,"3":0,"4":0,"5":0,"6":0,"7":0,"8":0,"9":0,"10":0,"11":0,"12":0,"13":0,"14":0,"15":0,"16":0,"17":0,"18":0,"19":0,"20":0,"21":0,"22":0,"23":0,"24":0,"25":0,"26":0,"27":0,"28":0,"29":0,"30":0,"31":0,"32":0,"33":0,"34":0,"35":0,"36":0,"37":0,"38":0,"39":0,"40":0,"41":0,"42":0,"43":0,"44":0,"45":0},"b":{"0":[0,0],"1":[0,0],"2":[0,0],"3":[0,0],"4":[0,0],"5":[0,0],"6":[0,0],"7":[0,0],"8":[0,0],"9":[0,0],"10":[0,0],"11":[0,0],"12":[0,0],"13":[0,0],"14":[0,0],"15":[0,0],"16":[0,0],"17":[0,0],"18":[0,0],"19":[0,0],"20":[0,0],"21":[0,0],"22":[0,0],"23":[0,0],"24":[0,0],"25":[0,0],"26":[0,0],"27":[0,0],"28":[0,0],"29":[0,0],"30":[0,0],"31":[0,0],"32":[0,0],"33":[0,0],"34":[0,0],"35":[0,0],"36":[0,0],"37":[0,0],"38":[0,0],"39":[0,0],"40":[0,0],"41":[0,0]},"meta":{"lastBranch":42,"lastFunction":46,"lastStatement":149,"seen":{"f:15:16:15:33":0,"s:20:8:20:Infinity":0,"f:20:28:20:29":1,"s:20:35:20:48":1,"s:21:8:21:Infinity":2,"f:21:31:21:32":2,"s:21:38:21:49":3,"s:22:8:22:Infinity":4,"f:22:32:22:33":3,"s:22:39:22:51":5,"s:23:8:23:Infinity":6,"f:23:35:23:36":4,"s:23:42:23:52":7,"s:24:8:24:Infinity":8,"f:24:41:24:42":5,"s:24:48:24:64":9,"s:25:8:25:Infinity":10,"f:25:44:25:45":6,"s:25:51:25:70":11,"s:26:8:26:Infinity":12,"f:26:44:26:45":7,"s:26:51:26:70":13,"s:27:8:27:Infinity":14,"f:27:39:27:40":8,"s:27:46:27:65":15,"s:28:8:28:Infinity":16,"f:28:32:28:33":9,"s:28:39:28:51":17,"s:29:8:29:Infinity":18,"f:29:37:29:38":10,"s:29:44:29:61":19,"s:30:8:30:Infinity":20,"f:30:38:30:39":11,"s:30:45:30:63":21,"s:31:8:31:Infinity":22,"f:31:30:31:31":12,"s:31:37:31:47":23,"s:32:8:32:Infinity":24,"f:32:50:32:51":13,"s:32:57:32:82":25,"s:33:8:33:Infinity":26,"f:33:49:33:50":14,"s:33:56:33:80":27,"s:34:8:34:Infinity":28,"f:34:44:34:45":15,"s:34:51:34:70":29,"s:35:8:35:Infinity":30,"f:35:42:35:43":16,"s:35:49:35:66":31,"s:39:8:54:Infinity":32,"f:39:30:39:36":17,"s:40:21:40:Infinity":33,"s:41:18:41:Infinity":34,"s:42:22:42:Infinity":35,"s:43:21:43:Infinity":36,"s:44:23:44:Infinity":37,"s:45:22:45:Infinity":38,"b:47:4:49:Infinity:undefined:undefined:undefined:undefined":0,"s:47:4:49:Infinity":39,"b:47:8:47:36:47:36:47:60":1,"s:48:6:48:Infinity":40,"s:51:20:51:Infinity":41,"s:52:16:52:Infinity":42,"s:53:4:53:Infinity":43,"s:56:22:56:Infinity":44,"s:57:26:57:Infinity":45,"s:58:28:58:Infinity":46,"s:59:22:59:Infinity":47,"s:60:30:60:Infinity":48,"s:61:26:61:Infinity":49,"s:62:38:62:Infinity":50,"s:65:34:65:Infinity":51,"s:66:36:66:Infinity":52,"s:67:34:67:Infinity":53,"s:68:36:68:Infinity":54,"s:70:21:73:Infinity":55,"b:71:28:71:48:71:48:71:Infinity":2,"b:72:28:72:53:72:53:72:Infinity":3,"f:75:11:75:37":18,"s:76:18:76:Infinity":56,"b:77:4:80:Infinity:undefined:undefined:undefined:undefined":4,"s:77:4:80:Infinity":57,"s:78:6:78:Infinity":58,"s:79:6:79:Infinity":59,"b:82:4:85:Infinity:undefined:undefined:undefined:undefined":5,"s:82:4:85:Infinity":60,"f:82:24:82:25":19,"s:82:31:82:76":61,"s:83:6:83:Infinity":62,"s:84:6:84:Infinity":63,"s:86:15:86:Infinity":64,"s:87:34:87:Infinity":65,"s:88:4:88:Infinity":66,"s:89:4:89:Infinity":67,"s:90:4:90:Infinity":68,"s:91:4:91:Infinity":69,"s:92:4:92:Infinity":70,"s:94:4:94:Infinity":71,"f:94:18:94:19":20,"b:94:28:94:97:undefined:undefined:undefined:undefined":6,"s:94:28:94:97":72,"s:94:37:94:97":73,"s:98:2:120:Infinity":74,"f:98:12:98:18":21,"b:99:4:119:Infinity:110:4:119:Infinity":7,"s:99:4:119:Infinity":75,"b:99:8:99:30:99:30:99:38":8,"s:100:19:100:Infinity":76,"f:100:33:100:34":22,"s:100:40:100:58":77,"b:101:6:109:Infinity:undefined:undefined:undefined:undefined":9,"s:101:6:109:Infinity":78,"s:102:8:102:Infinity":79,"s:103:8:103:Infinity":80,"s:104:8:104:Infinity":81,"s:105:8:105:Infinity":82,"s:106:8:106:Infinity":83,"s:107:8:107:Infinity":84,"s:108:8:108:Infinity":85,"b:110:4:119:Infinity:undefined:undefined:undefined:undefined":10,"s:110:4:119:Infinity":86,"s:112:6:112:Infinity":87,"s:113:6:113:Infinity":88,"s:114:6:114:Infinity":89,"s:115:6:115:Infinity":90,"s:116:6:116:Infinity":91,"s:117:6:117:Infinity":92,"s:118:6:118:Infinity":93,"s:123:2:123:Infinity":94,"s:126:2:126:Infinity":95,"b:126:27:126:37:126:37:126:55":11,"b:128:2:128:Infinity:undefined:undefined:undefined:undefined":12,"s:128:2:128:Infinity":96,"s:128:15:128:Infinity":97,"s:130:20:130:Infinity":98,"f:132:17:132:30":23,"s:133:4:133:Infinity":99,"s:134:10:134:Infinity":100,"b:135:4:138:Infinity:undefined:undefined:undefined:undefined":13,"s:135:4:138:Infinity":101,"s:136:6:136:Infinity":102,"s:137:6:137:Infinity":103,"b:139:4:142:Infinity:undefined:undefined:undefined:undefined":14,"s:139:4:142:Infinity":104,"s:140:6:140:Infinity":105,"s:141:6:141:Infinity":106,"s:144:17:152:Infinity":107,"b:154:4:158:Infinity:156:11:158:Infinity":15,"s:154:4:158:Infinity":108,"s:155:6:155:Infinity":109,"s:157:6:157:Infinity":110,"s:161:4:161:Infinity":111,"s:162:4:162:Infinity":112,"b:162:25:162:54:162:54:162:81":16,"s:164:4:164:Infinity":113,"f:164:18:164:19":24,"b:164:28:164:92:undefined:undefined:undefined:undefined":17,"s:164:28:164:92":114,"s:164:37:164:92":115,"f:167:17:167:32":25,"b:168:4:168:Infinity:undefined:undefined:undefined:undefined":18,"s:168:4:168:Infinity":116,"s:168:29:168:Infinity":117,"s:169:4:169:Infinity":118,"s:171:4:171:Infinity":119,"s:172:4:172:Infinity":120,"s:173:4:173:Infinity":121,"s:175:4:175:Infinity":122,"f:175:18:175:19":26,"b:175:28:175:92:undefined:undefined:undefined:undefined":19,"s:175:28:175:92":123,"s:175:37:175:92":124,"s:178:2:465:Infinity":125,"b:191:25:191:47:191:47:191:Infinity":20,"f:205:66:205:67":27,"s:206:18:219:Infinity":126,"f:209:29:209:35":28,"s:209:37:209:49":127,"s:209:49:209:66":128,"b:212:26:214:Infinity:215:26:215:Infinity":21,"b:213:28:213:Infinity:214:28:214:Infinity":22,"b:218:38:218:53:218:53:218:Infinity":23,"f:232:26:232:27":29,"s:234:30:234:Infinity":129,"b:235:18:237:Infinity:undefined:undefined:undefined:undefined":24,"s:235:18:237:Infinity":130,"s:236:20:236:Infinity":131,"f:254:26:254:27":30,"s:254:33:254:Infinity":132,"f:263:26:263:27":31,"s:263:33:263:Infinity":133,"f:274:66:274:67":32,"s:275:18:286:Infinity":134,"f:278:29:278:35":33,"s:278:35:278:Infinity":135,"b:281:26:281:Infinity:282:26:282:Infinity":25,"b:285:41:285:56:285:56:285:Infinity":26,"f:297:65:297:66":34,"s:298:18:309:Infinity":136,"f:301:29:301:35":35,"s:301:35:301:Infinity":137,"b:304:26:304:Infinity:305:26:305:Infinity":27,"b:319:15:319:Infinity:320:16:322:Infinity":28,"f:326:30:326:31":36,"s:327:16:341:Infinity":138,"f:330:27:330:33":37,"s:330:33:330:Infinity":139,"b:333:24:333:Infinity:334:24:334:Infinity":29,"b:337:58:337:70:337:70:337:75":30,"f:346:25:346:31":38,"s:346:31:346:Infinity":140,"b:349:22:349:Infinity:350:22:350:Infinity":31,"b:353:69:353:75:353:75:353:79":32,"b:355:32:355:45:355:45:355:I
[...]
{"line":207,"column":17},"end":{"line":207,"column":null}},"type":"binary-expr","locations":[{"start":{"line":207,"column":17},"end":{"line":207,"column":44}},{"start":{"line":207,"column":44},"end":{"line":207,"column":null}}],"line":207},"9":{"loc":{"start":{"line":218,"column":8},"end":{"line":226,"column":null}},"type":"if","locations":[{"start":{"line":218,"column":8},"end":{"line":226,"column":null}},{"start":{},"end":{}}],"line":218},"10":{"loc":{"start":{"line":218,"column":12},"end":{"line":218,"column":61}},"type":"binary-expr","locations":[{"start":{"line":218,"column":12},"end":{"line":218,"column":30}},{"start":{"line":218,"column":30},"end":{"line":218,"column":61}}],"line":218},"11":{"loc":{"start":{"line":222,"column":12},"end":{"line":222,"column":null}},"type":"if","locations":[{"start":{"line":222,"column":12},"end":{"line":222,"column":null}},{"start":{},"end":{}}],"line":222},"12":{"loc":{"start":{"line":227,"column":8},"end":{"line":229,"column":null}},"type":"if","locations":[{"start":{"line":227,"column":8},"end":{"line":229,"column":null}},{"start":{},"end":{}}],"line":227},"13":{"loc":{"start":{"line":233,"column":26},"end":{"line":233,"column":48}},"type":"binary-expr","locations":[{"start":{"line":233,"column":26},"end":{"line":233,"column":44}},{"start":{"line":233,"column":44},"end":{"line":233,"column":48}}],"line":233},"14":{"loc":{"start":{"line":233,"column":94},"end":{"line":233,"column":103}},"type":"binary-expr","locations":[{"start":{"line":233,"column":94},"end":{"line":233,"column":102}},{"start":{"line":233,"column":102},"end":{"line":233,"column":103}}],"line":233},"15":{"loc":{"start":{"line":234,"column":26},"end":{"line":234,"column":49}},"type":"binary-expr","locations":[{"start":{"line":234,"column":26},"end":{"line":234,"column":45}},{"start":{"line":234,"column":45},"end":{"line":234,"column":49}}],"line":234},"16":{"loc":{"start":{"line":234,"column":95},"end":{"line":234,"column":104}},"type":"binary-expr","locations":[{"start":{"line":234,"column":95},"end":{"line":234,"column":103}},{"start":{"line":234,"column":103},"end":{"line":234,"column":104}}],"line":234}},"s":{"0":1,"1":1,"2":22,"3":2,"4":2,"5":2,"6":2,"7":2,"8":2,"9":2,"10":14,"11":14,"12":2,"13":2,"14":3,"15":1,"16":1,"17":2,"18":1,"19":1,"20":1,"21":3,"22":5,"23":5,"24":6,"25":6,"26":1,"27":1,"28":1,"29":1,"30":1,"31":1,"32":2,"33":2,"34":2,"35":1,"36":1,"37":1,"38":1,"39":2,"40":0,"41":2,"42":2,"43":2,"44":2,"45":0,"46":4,"47":4,"48":3,"49":1,"50":0,"51":0,"52":0,"53":0,"54":1,"55":1,"56":1,"57":1,"58":0,"59":0,"60":1,"61":1,"62":1,"63":1,"64":1,"65":2,"66":2,"67":0,"68":0,"69":0,"70":0,"71":0,"72":0,"73":0,"74":0,"75":0,"76":0,"77":0,"78":0,"79":0,"80":0,"81":0,"82":0,"83":0,"84":0,"85":64},"f":{"0":1,"1":22,"2":2,"3":2,"4":14,"5":14,"6":2,"7":2,"8":3,"9":1,"10":1,"11":2,"12":1,"13":1,"14":3,"15":5,"16":5,"17":6,"18":6,"19":1,"20":1,"21":1,"22":1,"23":1,"24":1,"25":2,"26":2,"27":2,"28":1,"29":2,"30":0,"31":4,"32":4,"33":0,"34":0,"35":0,"36":1,"37":1,"38":1,"39":0,"40":1,"41":2,"42":0,"43":0,"44":0,"45":0,"46":64},"b":{"0":[2,1],"1":[1,0],"2":[2,0],"3":[0,2],"4":[3,1],"5":[0,0],"6":[0,0],"7":[1,0],"8":[2,1],"9":[0,0],"10":[0,0],"11":[0,0],"12":[0,0],"13":[0,0],"14":[0,0],"15":[0,0],"16":[0,0]},"meta":{"lastBranch":17,"lastFunction":47,"lastStatement":86,"seen":{"s:55:13:253:Infinity":0,"f:57:4:57:5":0,"s:57:19:210:Infinity":1,"f:69:13:69:Infinity":1,"s:70:8:81:Infinity":2,"f:83:19:83:20":2,"s:84:22:84:Infinity":3,"s:85:18:85:Infinity":4,"s:87:8:87:Infinity":5,"s:88:8:88:Infinity":6,"s:89:28:89:Infinity":7,"s:90:8:90:Infinity":8,"f:93:17:93:18":3,"s:93:29:93:Infinity":9,"f:95:22:95:23":4,"s:96:8:102:Infinity":10,"f:96:12:96:13":5,"s:96:24:102:10":11,"f:104:25:104:26":6,"s:105:8:109:Infinity":12,"f:105:12:105:13":7,"s:105:24:109:10":13,"f:106:39:106:40":8,"s:107:12:107:Infinity":14,"b:107:26:107:49:107:49:107:Infinity":0,"f:111:25:111:26":9,"s:112:8:114:Infinity":15,"f:112:12:112:13":10,"s:112:24:114:10":16,"f:113:42:113:43":11,"s:113:49:113:60":17,"f:116:26:116:27":12,"s:117:8:122:Infinity":18,"f:117:12:117:13":13,"s:118:24:118:Infinity":19,"s:119:10:121:Infinity":20,"f:120:44:120:45":14,"s:120:51:120:67":21,"f:124:17:124:18":15,"s:125:8:127:Infinity":22,"f:125:12:125:13":16,"s:125:24:127:10":23,"f:130:19:130:20":17,"s:131:8:137:Infinity":24,"f:131:12:131:13":18,"s:131:24:137:10":25,"f:139:22:139:23":19,"s:140:8:144:Infinity":26,"f:140:12:140:13":20,"s:140:24:144:10":27,"f:141:41:141:42":21,"s:142:12:142:Infinity":28,"b:142:26:142:49:142:49:142:Infinity":1,"f:146:22:146:23":22,"s:147:8:149:Infinity":29,"f:147:12:147:13":23,"s:147:24:149:10":30,"f:148:44:148:45":24,"s:148:51:148:62":31,"f:151:26:151:27":25,"s:152:8:156:Infinity":32,"f:152:12:152:13":26,"s:152:24:156:10":33,"f:153:41:153:42":27,"s:154:12:154:Infinity":34,"b:154:26:154:56:154:56:154:Infinity":2,"f:158:28:158:34":28,"s:159:30:159:Infinity":35,"s:160:20:160:Infinity":36,"s:161:8:161:Infinity":37,"s:163:8:171:Infinity":38,"f:164:18:164:19":29,"b:165:12:165:Infinity:undefined:undefined:undefined:undefined":3,"s:165:12:165:Infinity":39,"s:165:26:165:Infinity":40,"s:166:24:166:Infinity":41,"s:167:12:167:Infinity":42,"s:168:18:168:Infinity":43,"s:169:12:169:Infinity":44,"f:171:16:171:17":30,"s:171:26:171:87":45,"f:175:25:175:26":31,"s:176:8:181:Infinity":46,"f:176:12:176:13":32,"b:177:10:179:Infinity:undefined:undefined:undefined:undefined":4,"s:177:10:179:Infinity":47,"s:178:12:178:Infinity":48,"s:180:10:180:Infinity":49,"f:183:28:183:29":33,"s:184:8:189:Infinity":50,"f:184:12:184:13":34,"s:185:22:185:Infinity":51,"b:185:43:185:80:185:80:185:Infinity":5,"s:186:10:188:Infinity":52,"f:187:34:187:35":35,"s:187:42:187:81":53,"b:187:56:187:79:187:79:187:81":6,"f:191:28:191:29":36,"s:192:8:197:Infinity":54,"f:192:12:192:13":37,"b:193:10:195:Infinity:undefined:undefined:undefined:undefined":7,"s:193:10:195:Infinity":55,"s:194:12:194:Infinity":56,"f:194:83:194:84":38,"s:194:90:194:101":57,"s:196:10:196:Infinity":58,"f:196:79:196:80":39,"s:196:86:196:97":59,"f:199:22:199:28":40,"s:200:46:200:Infinity":60,"s:201:18:201:Infinity":61,"s:202:22:202:Infinity":62,"s:203:21:203:Infinity":63,"s:205:8:208:Infinity":64,"f:205:31:205:32":41,"s:206:16:206:Infinity":65,"s:207:10:207:Infinity":66,"b:207:17:207:44:207:44:207:Infinity":8,"f:214:15:214:16":42,"s:215:22:215:Infinity":67,"b:218:8:226:Infinity:undefined:undefined:undefined:undefined":9,"s:218:8:226:Infinity":68,"b:218:12:218:30:218:30:218:61":10,"s:220:23:220:Infinity":69,"s:221:10:225:Infinity":70,"f:221:49:221:50":43,"b:222:12:222:Infinity:undefined:undefined:undefined:undefined":11,"s:222:12:222:Infinity":71,"s:222:32:222:Infinity":72,"s:223:12:223:Infinity":73,"s:224:12:224:Infinity":74,"b:227:8:229:Infinity:undefined:undefined:undefined:undefined":12,"s:227:8:229:Infinity":75,"s:228:10:228:Infinity":76,"s:231:8:231:Infinity":77,"s:233:14:233:Infinity":78,"b:233:26:233:44:233:44:233:48":13,"f:233:55:233:56":44,"s:233:80:233:106":79,"b:233:94:233:102:233:102:233:103":14,"s:234:14:234:Infinity":80,"b:234:26:234:45:234:45:234:49":15,"f:234:56:234:57":45,"s:234:81:234:107":81,"b:234:95:234:103:234:103:234:104":16,"s:235:8:235:Infinity":82,"s:236:8:236:Infinity":83,"s:237:8:237:Infinity":84,"f:239:18:239:19":46,"s:239:30:250:Infinity":85},"fnNames":{}}}
,"C:\\Users\\Paúl Morales\\Downloads\\Compressed\\foresight-finanzas-main\\foresight-finanzas-main\\src\\stores\\uiStore.ts": {"path":"C:\\Users\\Paúl Morales\\Downloads\\Compressed\\foresight-finanzas-main\\foresight-finanzas-main\\src\\stores\\uiStore.ts","statementMap":{"0":{"start":{"line":66,"column":14},"end":{"line":66,"column":null}},"1":{"start":{"line":68,"column":23},"end":{"line":68,"column":null}},"2":{"start":{"line":70,"column":13},"end":{"line":150,"column":null}},"3":{"start":{"line":70,"column":52},"end":{"line":150,"column":2}},"4":{"start":{"line":74,"column":4},"end":{"line":78,"column":null}},"5":{"start":{"line":75,"column":19},"end":{"line":75,"column":null}},"6":{"start":{"line":76,"column":6},"end":{"line":76,"column":null}},"7":{"start":{"line":77,"column":6},"end":{"line":77,"column":null}},"8":{"start":{"line":83,"column":18},"end":{"line":83,"column":null}},"9":{"start":{"line":84,"column":4},"end":{"line":84,"column":null}},"10":{"start":{"line":84,"column":26},"end":{"line":84,"column":null}},"11":{"start":{"line":85,"column":4},"end":{"line":85,"column":null}},"12":{"start":{"line":85,"column":27},"end":{"line":85,"column":null}},"13":{"start":{"line":86,"column":4},"end":{"line":86,"column":null}},"14":{"start":{"line":89,"column":4},"end":{"line":94,"column":null}},"15":{"start":{"line":90,"column":19},"end":{"line":90,"column":null}},"16":{"start":{"line":91,"column":6},"end":{"line":91,"column":null}},"17":{"start":{"line":92,"column":6},"end":{"line":92,"column":null}},"18":{"start":{"line":93,"column":6},"end":{"line":93,"column":null}},"19":{"start":{"line":99,"column":4},"end":{"line":99,"column":null}},"20":{"start":{"line":101,"column":4},"end":{"line":101,"column":null}},"21":{"start":{"line":107,"column":4},"end":{"line":107,"column":null}},"22":{"start":{"line":108,"column":4},"end":{"line":108,"column":null}},"23":{"start":{"line":114,"column":30},"end":{"line":114,"column":null}},"24":{"start":{"line":115,"column":20},"end":{"line":115,"column":null}},"25":{"start":{"line":120,"column":27},"end":{"line":120,"column":null}},"26":{"start":{"line":121,"column":26},"end":{"line":121,"column":null}},"27":{"start":{"line":126,"column":15},"end":{"line":126,"column":null}},"28":{"start":{"line":127,"column":4},"end":{"line":127,"column":null}},"29":{"start":{"line":127,"column":20},"end":{"line":127,"column":81}},"30":{"start":{"line":128,"column":4},"end":{"line":130,"column":null}},"31":{"start":{"line":129,"column":6},"end":{"line":129,"column":null}},"32":{"start":{"line":129,"column":22},"end":{"line":129,"column":74}},"33":{"start":{"line":129,"column":59},"end":{"line":129,"column":70}},"34":{"start":{"line":133,"column":4},"end":{"line":133,"column":null}},"35":{"start":{"line":133,"column":20},"end":{"line":133,"column":72}},"36":{"start":{"line":133,"column":57},"end":{"line":133,"column":68}},"37":{"start":{"line":137,"column":25},"end":{"line":137,"column":null}},"38":{"start":{"line":138,"column":26},"end":{"line":138,"column":null}},"39":{"start":{"line":146,"column":26},"end":{"line":146,"column":null}},"40":{"start":{"line":147,"column":28},"end":{"line":147,"column":null}},"41":{"start":{"line":148,"column":26},"end":{"line":148,"column":null}},"42":{"start":{"line":149,"column":31},"end":{"line":149,"column":null}}},"fnMap":{"0":{"name":"(anonymous_0)","decl":{"start":{"line":70,"column":42},"end":{"line":70,"column":43}},"loc":{"start":{"line":70,"column":52},"end":{"line":150,"column":2}},"line":70},"1":{"name":"(anonymous_1)","decl":{"start":{"line":73,"column":17},"end":{"line":73,"column":null}},"loc":{"start":{"line":74,"column":4},"end":{"line":78,"column":null}},"line":74},"2":{"name":"(anonymous_2)","decl":{"start":{"line":74,"column":8},"end":{"line":74,"column":9}},"loc":{"start":{"line":74,"column":19},"end":{"line":78,"column":5}},"line":74},"3":{"name":"(anonymous_3)","decl":{"start":{"line":82,"column":11},"end":{"line":82,"column":17}},"loc":{"start":{"line":82,"column":17},"end":{"line":87,"column":5}},"line":82},"4":{"name":"(anonymous_4)","decl":{"start":{"line":88,"column":18},"end":{"line":88,"column":null}},"loc":{"start":{"line":89,"column":4},"end":{"line":94,"column":null}},"line":89},"5":{"name":"(anonymous_5)","decl":{"start":{"line":89,"column":8},"end":{"line":89,"column":9}},"loc":{"start":{"line":89,"column":19},"end":{"line":94,"column":5}},"line":89},"6":{"name":"(anonymous_6)","decl":{"start":{"line":98,"column":16},"end":{"line":98,"column":17}},"loc":{"start":{"line":98,"column":25},"end":{"line":102,"column":null}},"line":98},"7":{"name":"(anonymous_7)","decl":{"start":{"line":106,"column":14},"end":{"line":106,"column":15}},"loc":{"start":{"line":106,"column":31},"end":{"line":109,"column":null}},"line":106},"8":{"name":"(anonymous_8)","decl":{"start":{"line":114,"column":13},"end":{"line":114,"column":14}},"loc":{"start":{"line":114,"column":30},"end":{"line":114,"column":null}},"line":114},"9":{"name":"(anonymous_9)","decl":{"start":{"line":115,"column":14},"end":{"line":115,"column":20}},"loc":{"start":{"line":115,"column":20},"end":{"line":115,"column":null}},"line":115},"10":{"name":"(anonymous_10)","decl":{"start":{"line":120,"column":19},"end":{"line":120,"column":20}},"loc":{"start":{"line":120,"column":27},"end":{"line":120,"column":null}},"line":120},"11":{"name":"(anonymous_11)","decl":{"start":{"line":121,"column":20},"end":{"line":121,"column":26}},"loc":{"start":{"line":121,"column":26},"end":{"line":121,"column":null}},"line":121},"12":{"name":"(anonymous_12)","decl":{"start":{"line":125,"column":12},"end":{"line":125,"column":13}},"loc":{"start":{"line":125,"column":48},"end":{"line":131,"column":null}},"line":125},"13":{"name":"(anonymous_13)","decl":{"start":{"line":127,"column":8},"end":{"line":127,"column":9}},"loc":{"start":{"line":127,"column":20},"end":{"line":127,"column":81}},"line":127},"14":{"name":"(anonymous_14)","decl":{"start":{"line":128,"column":15},"end":{"line":128,"column":21}},"loc":{"start":{"line":128,"column":21},"end":{"line":130,"column":7}},"line":128},"15":{"name":"(anonymous_15)","decl":{"start":{"line":129,"column":10},"end":{"line":129,"column":11}},"loc":{"start":{"line":129,"column":22},"end":{"line":129,"column":74}},"line":129},"16":{"name":"(anonymous_16)","decl":{"start":{"line":129,"column":52},"end":{"line":129,"column":53}},"loc":{"start":{"line":129,"column":59},"end":{"line":129,"column":70}},"line":129},"17":{"name":"(anonymous_17)","decl":{"start":{"line":132,"column":15},"end":{"line":132,"column":16}},"loc":{"start":{"line":133,"column":4},"end":{"line":133,"column":null}},"line":133},"18":{"name":"(anonymous_18)","decl":{"start":{"line":133,"column":8},"end":{"line":133,"column":9}},"loc":{"start":{"line":133,"column":20},"end":{"line":133,"column":72}},"line":133},"19":{"name":"(anonymous_19)","decl":{"start":{"line":133,"column":50},"end":{"line":133,"column":51}},"loc":{"start":{"line":133,"column":57},"end":{"line":133,"column":68}},"line":133},"20":{"name":"(anonymous_20)","decl":{"start":{"line":137,"column":19},"end":{"line":137,"column":25}},"loc":{"start":{"line":137,"column":25},"end":{"line":137,"column":null}},"line":137},"21":{"name":"(anonymous_21)","decl":{"start":{"line":138,"column":20},"end":{"line":138,"column":26}},"loc":{"start":{"line":138,"column":26},"end":{"line":138,"column":null}},"line":138},"22":{"name":"(anonymous_22)","decl":{"start":{"line":146,"column":16},"end":{"line":146,"column":17}},"loc":{"start":{"line":146,"column":26},"end":{"line":146,"column":null}},"line":146},"23":{"name":"(anonymous_23)","decl":{"start":{"line":147,"column":17},"end":{"line":147,"column":18}},"loc":{"start":{"line":147,"column":28},"end":{"line":147,"column":null}},"line":147},"24":{"name":"(anonymous_24)","decl":{"start":{"line":148,"column":16},"end":{"line":148,"column":17}},"loc":{"start":{"line":148,"column":26},"end":{"line":148,"column":null}},"line":148},"25":{"name":"(anonymous_25)","decl":{"start":{"line":149,"column":17},"end":{"line":149,"column":18}},"loc":{"start":{"line":149,"column":31},"end":{"line":149,"column":null}},"line":149}},"branchMap":{"0":{"loc":{"start":{"line":84,"column":4},"end":{"line":84,"column":null}},"type":"if","locations":[{"start":{"line":84,"column":4},"end":{"line":84,"column":null}},{"start":{},"end":{}}],"line":84},"1":{"loc":{"start":{"line":85,"column":4},"end":{"line":85,"column":null}},"type":"if","locations":[{"start":{"line":85,"column":4},"end":{"line":85,"column":null}},{"start":{},"end":{}}],"line":85},"2":{"loc":{"start":{"line":97,"column":15},"end":{"line":97,"column":null}},"type":"binary-expr","locations":[{"start":{"line":97,"column":15},"end":{"line":97,"column":63}},{"start":{"line":97,"column":63},"end":{"line":97,"column":null}}],"line":97},"3":{"loc":{"start":{"line":101,"column":41},"end":{"line":101,"column":80}},"type":"cond-expr","locations":[{"start":{"line":101,"column":63},"end":{"line":101,"column":75}},{"start":{"line":101,"column":75},"end":{"line":101,"column":80}}],"line":101},"4":{"loc":{"start":{"line":108,"column":41},"end":{"line":108,"column":56}},"type":"binary-expr","locations":[{"start":{"line":108,"column":41},"end":{"line":108,"column":51}},{"start":{"line":108,"column":51},"end":{"line":108,"column":56}}],"line":108},"5":{"loc":{"start":{"line":114,"column":66},"end":{"line":114,"column":77}},"type":"binary-expr","locations":[{"start":{"line":114,"column":66},"end":{"line":114,"column":72}},{"start":{"line":114,"column":72},"end":{"line":114,"column":77}}],"line":114},"6":{"loc":{"start":{"line":125,"column":22},"end":{"line":125,"column":37}},"type":"default-arg","locations":[{"start":{"line":125,"column":29},"end":{"line":125,"column":37}}],"line":125}},"s":{"0":1,"1":1,"2":1,"3":1,"4":3,"5":3,"6":3,"7":3,"8":1,"9":1,"10":0,"11":1,"12":0,"13":1,"14":3,"15":3,"16":3,"17":3,"18":3,"19":1,"20":1,"21":3,"22":3,"23":3,"24":1,"25":1,"26":1,"27":4,"28":4,"29":4,"30":4,"31":0,"32":0,"33":0,"34":2,"35":2,"36":1,"37":1,"38":1,"39":1,"40":1,"41":1,"42":1},"f":{"0":1,"1":3,"2":3,"3":1,"4":3,"5":3,"6":1,"7":3,"8":3,"9":1,"10":1,"11":1,"12":4,"13":4,"14":0,"15":0,"16":0,"17":2,"18":2,"19":1,"20":1,"21":1,"22":1,"23":1,"24":1,"25":1},"b":{"0":[0,1],"1":[0,1],"2":[1,1],"3":[0,1],"4":[3,1],"5":[3,1],"6":[4]},"meta":{"lastBranch":7,"lastFunction":26,"lastStatement":43,"seen":{"s:66:14:66:Infinity":0,"s:68:23:68:Infinity":1,"s:70:13:150:Infinity":2,"f:70:42:70:43":0,"s:70:52:150:2":3,"f:73:17:73:Infinity":1,"s:74:4:78:Infinity":4,"f:74:8:74:9":2,"s:75:19:75:Infinity":5,"s:76:6:76:Infinity":6,"s:77:6:77:Infinity":7,"f:82:11:82:17":3,"s:83:18:83:Infinity":8,"b:84:4:84:Infinity:undefined:undefined:undefined:undefined":0,"s:84:4:84:Infinity":9,"s:84:26:84:Infinity":10,"b:85:4:85:Infinity:undefined:undefined:undefined:undefined":1,"s:85:4:85:Infinity":11,"s:85:27:85:Infinity":12,"s:86:4:86:Infinity":13,"f:88:18:88:Infinity":4,"s:89:4:94:Infinity":14,"f:89:8:89:9":5,"s:90:19:90:Infinity":15,"s:91:6:91:Infinity":16,"s:92:6:92:Infinity":17,"s:93:6:93:Infinity":18,"b:97:15:97:63:97:63:97:Infinity":2,"f:98:16:98:17":6,"s:99:4:99:Infinity":19,"s:101:4:101:Infinity":20,"b:101:63:101:75:101:75:101:80":3,"f:106:14:106:15":7,"s:107:4:107:Infinity":21,"s:108:4:108:Infinity":22,"b:108:41:108:51:108:51:108:56":4,"f:114:13:114:14":8,"s:114:30:114:Infinity":23,"b:114:66:114:72:114:72:114:77":5,"f:115:14:115:20":9,"s:115:20:115:Infinity":24,"f:120:19:120:20":10,"s:120:27:120:Infinity":25,"f:121:20:121:26":11,"s:121:26:121:Infinity":26,"f:125:12:125:13":12,"b:125:29:125:37":6,"s:126:15:126:Infinity":27,"s:127:4:127:Infinity":28,"f:127:8:127:9":13,"s:127:20:127:81":29,"s:128:4:130:Infinity":30,"f:128:15:128:21":14,"s:129:6:129:Infinity":31,"f:129:10:129:11":15,"s:129:22:129:74":32,"f:129:52:129:53":16,"s:129:59:129:70":33,"f:132:15:132:16":17,"s:133:4:133:Infinity":34,"f:133:8:133:9":18,"s:133:20:133:72":35,"f:133:50:133:51":19,"s:133:57:133:68":36,"f:137:19:137:25":20,"s:137:25:137:Infinity":37,"f:138:20:138:26":21,"s:138:26:138:Infinity":38,"f:146:16:146:17":22,"s:146:26:146:Infinity":39,"f:147:17:147:18":23,"s:147:28:147:Infinity":40,"f:148:16:148:17":24,"s:148:26:148:Infinity":41,"f:149:17:149:18":25,"s:149:31:149:Infinity":42},"fnNames":{}}}
,"C:\\Users\\Paúl Morales\\Downloads\\Compressed\\foresight-finanzas-main\\foresight-finanzas-main\\src\\types\\index.ts": {"path":"C:\\Users\\Paúl Morales\\Downloads\\Compressed\\foresight-finanzas-main\\foresight-finanzas-main\\src\\types\\index.ts","statementMap":{},"fnMap":{},"branchMap":{},"s":{},"f":{},"b":{},"meta":{"lastBranch":0,"lastFunction":0,"lastStatement":0,"seen":{},"fnNames":{}}}
}
